#**********************************************************************************
#                               BRAKER CONFIGURATION                               
#**********************************************************************************
# BRAKER CALL: /opt/BRAKER/scripts/braker.pl --workingdir=BRAKER3 --genome=/opt/BRAKER/example/genome.fa --bam=/opt/BRAKER/example/RNAseq.bam --prot_seq=/opt/BRAKER/example/proteins.fa --AUGUSTUS_BIN_PATH=/usr/bin/ --AUGUSTUS_SCRIPTS_PATH=/usr/share/augustus/scripts/ --threads 8 --gm_max_intergenic 10000 --skipOptimize
# Thu Sep 19 16:03:33 2024: braker.pl version 3.0.8
# Thu Sep 19 16:03:33 2024: Creating directory /workspace/BRAKER3.
# Thu Sep 19 16:03:33 2024: Creating directory /workspace/BRAKER3.
# Thu Sep 19 16:03:33 2024:Both protein and RNA-Seq data in input detected. BRAKER will be executed in ETP mode (BRAKER3).
#*********
# Thu Sep 19 16:03:33 2024: Configuring of BRAKER for using external tools...
# Thu Sep 19 16:03:33 2024: Trying to set $AUGUSTUS_CONFIG_PATH...
# Thu Sep 19 16:03:33 2024: Found environment variable $AUGUSTUS_CONFIG_PATH.
# Thu Sep 19 16:03:33 2024: Checking /opt/Augustus/config/ as potential path for $AUGUSTUS_CONFIG_PATH.
# Thu Sep 19 16:03:33 2024: Success! Setting $AUGUSTUS_CONFIG_PATH to /opt/Augustus/config/!
# Thu Sep 19 16:03:33 2024: WARNING: in file /opt/BRAKER/scripts/braker.pl at line 1933
AUGUSTUS_CONFIG_PATH/species (in this case /opt/Augustus/config//species) is not writeable. BRAKER will try to copy the AUGUSTUS config directory to a writeable location.
# Thu Sep 19 16:03:33 2024: Trying to set $AUGUSTUS_BIN_PATH...
# Thu Sep 19 16:03:33 2024: Found command line argument $AUGUSTUS_BIN_PATH.
# Thu Sep 19 16:03:33 2024: Checking /usr/bin as potential path for $AUGUSTUS_BIN_PATH.
#*********
# WARNING: Couldn't find augustus in /usr/bin. Will not set $AUGUSTUS_BIN_PATH to /usr/bin!
#*********
# Thu Sep 19 16:03:33 2024: Found environment variable $AUGUSTUS_BIN_PATH.
# Thu Sep 19 16:03:33 2024: Checking /opt/Augustus/bin/ as potential path for $AUGUSTUS_BIN_PATH.
# Thu Sep 19 16:03:33 2024: Success! Setting $AUGUSTUS_BIN_PATH to /opt/Augustus/bin/!
# Thu Sep 19 16:03:33 2024: Trying to set $AUGUSTUS_SCRIPTS_PATH...
# Thu Sep 19 16:03:33 2024: Found command line argument $AUGUSTUS_SCRIPTS_PATH.
# Thu Sep 19 16:03:33 2024: Checking /usr/share/augustus/scripts as potential path for $AUGUSTUS_SCRIPTS_PATH.
#*********
# WARNING: /usr/share/augustus/scripts is not a directory. Will not set $AUGUSTUS_SCRIPTS_PATH to /usr/share/augustus/scripts!
#*********
# Thu Sep 19 16:03:33 2024: Found environment variable $AUGUSTUS_SCRIPTS_PATH.
# Thu Sep 19 16:03:33 2024: Checking /opt/Augustus/scripts/ as potential path for $AUGUSTUS_SCRIPTS_PATH.
# Thu Sep 19 16:03:33 2024: Success! Setting $AUGUSTUS_SCRIPTS_PATH to /opt/Augustus/scripts/!
# Thu Sep 19 16:03:33 2024: WARNING: BRAKER will copy the
 AUGUSTUS_CONFIG folder into your home directory!
# Thu Sep 19 16:03:33 2024: WARNING: $AUGUSTUS_CONFIG_PATH/species (in this case /opt/Augustus/config//species ) is not writeable.
# Thu Sep 19 16:03:33 2024: copying unwritable augustus config path to writable location
*** IMPORTANT: Resetting $AUGUSTUS_CONFIG_PATH=/home/gitpod/.augustus because BRAKER requires a writable location!
# Thu Sep 19 16:03:33 2024: Trying to set $PYTHON3_PATH...
# Thu Sep 19 16:03:33 2024: Did not find environment variable $PYTHON3_PATH.
# Thu Sep 19 16:03:33 2024: Trying to guess PYTHON3_PATH from location of python3 executable that is available in your $PATH
# Thu Sep 19 16:03:33 2024: Checking /opt/conda/bin as potential path for $PYTHON3_PATH.
# Thu Sep 19 16:03:33 2024: Success! Setting $PYTHON3_PATH to /opt/conda/bin!
# Thu Sep 19 16:03:33 2024: Trying to set $GENEMARK_PATH...
# Thu Sep 19 16:03:33 2024: Found environment variable $GENEMARK_PATH.
# Thu Sep 19 16:03:33 2024: Checking /opt/ETP/bin as potential path for $GENEMARK_PATH.
# Thu Sep 19 16:03:33 2024: Success! Setting $GENEMARK_PATH to /opt/ETP/bin!
# Thu Sep 19 16:03:33 2024: Trying to set $BAMTOOLS_PATH...
# Thu Sep 19 16:03:33 2024: Did not find environment variable $BAMTOOLS_PATH.
# Thu Sep 19 16:03:33 2024: Trying to guess BAMTOOLS_PATH from location of bamtools executable that is available in your $PATH
# Thu Sep 19 16:03:33 2024: Checking /usr/bin as potential path for $BAMTOOLS_PATH.
# Thu Sep 19 16:03:33 2024: Success! Setting $BAMTOOLS_PATH to /usr/bin!
# Thu Sep 19 16:03:33 2024: Trying to set $SAMTOOLS_PATH...
# Thu Sep 19 16:03:33 2024: Did not find environment variable $SAMTOOLS_PATH.
# Thu Sep 19 16:03:33 2024: Trying to guess SAMTOOLS_PATH from location of samtools executable that is available in your $PATH
# Thu Sep 19 16:03:33 2024: Checking /usr/bin as potential path for $SAMTOOLS_PATH.
# Thu Sep 19 16:03:33 2024: Success! Setting $SAMTOOLS_PATH to /usr/bin!
# Thu Sep 19 16:03:33 2024: Trying to set $DIAMOND_PATH...
# Thu Sep 19 16:03:33 2024: Did not find environment variable $DIAMOND_PATH.
# Thu Sep 19 16:03:33 2024: Trying to guess DIAMOND_PATH from location of diamond executable that is available in your $PATH
# Thu Sep 19 16:03:33 2024: Checking /opt/ETP/tools as potential path for $DIAMOND_PATH.
# Thu Sep 19 16:03:33 2024: Success! Setting $DIAMOND_PATH to /opt/ETP/tools!
# Thu Sep 19 16:03:33 2024: Trying to set $PROTHINT_PATH...
# Thu Sep 19 16:03:33 2024: Did not find environment variable $PROTHINT_PATH.
# Thu Sep 19 16:03:33 2024: Trying to guess PROTHINT_PATH from location of prothint.py executable that is available in your $PATH
# Thu Sep 19 16:03:33 2024: Checking /opt/ETP/bin/gmes/ProtHint/bin as potential path for $PROTHINT_PATH.
# Thu Sep 19 16:03:33 2024: Success! Setting $PROTHINT_PATH to /opt/ETP/bin/gmes/ProtHint/bin!
# Thu Sep 19 16:03:33 2024: Trying to set $TSEBRA_PATH...
# Thu Sep 19 16:03:33 2024: Did not find environment variable $TSEBRA_PATH.
# Thu Sep 19 16:03:33 2024: Trying to guess TSEBRA_PATH from location of tsebra.py executable that is available in your $PATH
# Thu Sep 19 16:03:33 2024: Checking /opt/TSEBRA/bin as potential path for $TSEBRA_PATH.
# Thu Sep 19 16:03:33 2024: Success! Setting $TSEBRA_PATH to /opt/TSEBRA/bin!
# Thu Sep 19 16:03:33 2024: Trying to set $CDBTOOLS_PATH...
# Thu Sep 19 16:03:33 2024: Did not find environment variable $CDBTOOLS_PATH.
# Thu Sep 19 16:03:33 2024: Trying to guess CDBTOOLS_PATH from location of cdbfasta executable that is available in your $PATH
# Thu Sep 19 16:03:33 2024: Checking /opt/cdbfasta as potential path for $CDBTOOLS_PATH.
# Thu Sep 19 16:03:33 2024: Success! Setting $CDBTOOLS_PATH to /opt/cdbfasta!
#*********
# IMPORTANT INFORMATION: no species for identifying the AUGUSTUS  parameter set that will arise from this BRAKER run was set. BRAKER will create an AUGUSTUS parameter set with name Sp_1. This parameter set can be used for future BRAKER/AUGUSTUS prediction runs for the same species. It is usually not necessary to retrain AUGUSTUS with novel extrinsic data if a high quality parameter set already exists.
#*********
#**********************************************************************************
#                               CREATING DIRECTORY STRUCTURE                       
#**********************************************************************************
# Thu Sep 19 16:03:33 2024: creating file that contains citations for this BRAKER run at /workspace/BRAKER3/what-to-cite.txt...
# Thu Sep 19 16:03:33 2024: create working directory /workspace/BRAKER3/GeneMark-ETP.
mkdir /workspace/BRAKER3/GeneMark-ETP
# Thu Sep 19 16:03:33 2024: create working directory /workspace/BRAKER3/species
mkdir /workspace/BRAKER3/species
# Thu Sep 19 16:03:33 2024: create working directory /workspace/BRAKER3/errors
mkdir /workspace/BRAKER3/errors
# Thu Sep 19 16:03:33 2024: changing into working directory /workspace/BRAKER3
cd /workspace/BRAKER3
# Thu Sep 19 16:03:33 2024: getting GC content of the genome
/opt/BRAKER/scripts/get_gc_content.py --sequences /opt/BRAKER/example/genome.fa --print_sequence_length 1> /workspace/BRAKER3/gc_content.out 2> /workspace/BRAKER3/errors/gc_content.stderr
# Thu Sep 19 16:03:34 2024: Creating parameter template files for AUGUSTUS with new_species.pl
# Thu Sep 19 16:03:34 2024: new_species.pl will create parameter files for species Sp_1 in /home/gitpod/.augustus/species/Sp_1
/usr/bin/perl /opt/Augustus/scripts/new_species.pl --species=Sp_1 --AUGUSTUS_CONFIG_PATH=/home/gitpod/.augustus 1> /dev/null 2>/workspace/BRAKER3/errors/new_species.stderr
# Thu Sep 19 16:03:34 2024: check_fasta_headers(): Checking fasta headers of file /opt/BRAKER/example/genome.fa
# Thu Sep 19 16:03:34 2024: check_fasta_headers(): Checking fasta headers of file /opt/BRAKER/example/proteins.fa
# Thu Sep 19 16:03:34 2024: Assuming that this is not a DNA fasta file because other characters than A, T, G, C, N, a, t, g, c, n were contained. If this is supposed to be a DNA fasta file, check the content of your file! If this is supposed to be a protein fasta file, please ignore this message!
# Thu Sep 19 16:03:34 2024: Assuming that this is not a protein fasta file because other characters than AaRrNnDdCcEeQqGgHhIiLlKkMmFfPpSsTtWwYyVvBbZzJjOoUuXx were contained. If this is supposed to be DNA fasta file, please ignore this message.
#**********************************************************************************
#                              RUNNING GENEMARK-EX                                 
#**********************************************************************************
# Thu Sep 19 16:03:34 2024: Preparing genemark_evidence file hints from manual hints...
# Thu Sep 19 16:03:34 2024: Running GeneMark-ETP
# Thu Sep 19 16:03:34 2024: changing into GeneMark-ETP directory /workspace/BRAKER3/GeneMark-ETP
cd /workspace/BRAKER3/GeneMark-ETP
# Thu Sep 19 16:03:34 2024: sorting RNA-Seq BAM files
/usr/bin/samtools sort /opt/BRAKER/example/RNAseq.bam -@ 7 -o /workspace/BRAKER3/GeneMark-ETP/etp_data/RNAseq.bam 1> /workspace/BRAKER3/errors/samtools.sort.RNAseq.stdout 2> /workspace/BRAKER3/errors/samtools.sort.RNAseq.stderr
# Thu Sep 19 16:03:39 2024: Running gmetp.pl
/usr/bin/perl /opt/ETP/bin/gmetp.pl --cfg /workspace/BRAKER3/GeneMark-ETP/etp_config.yaml --workdir /workspace/BRAKER3/GeneMark-ETP --bam /workspace/BRAKER3/GeneMark-ETP/etp_data/ --cores 8 --softmask  1>/workspace/BRAKER3/errors/GeneMark-ETP.stdout 2>/workspace/BRAKER3/errors/GeneMark-ETP.stderr
# Thu Sep 19 16:10:37 2024: change to working directory /workspace/BRAKER3
cd /workspace/BRAKER3
# Thu Sep 19 16:10:37 2024: Getting hints for AUGUSTUS from GeneMark-ETP
/opt/conda/bin/python3 /opt/BRAKER/scripts/get_etp_hints.py --genemark_scripts /opt/ETP/bin --out /workspace/BRAKER3/hintsfile.gff --etp_wdir /workspace/BRAKER3/GeneMark-ETP 1> /workspace/BRAKER3/errors/get_etp_hints.stdout 2> /workspace/BRAKER3/errors/get_etp_hints.stderr
# Thu Sep 19 16:10:37 2024: Checking for hints of src=C and with grp tags that should not be joined according to multiplicity
# Thu Sep 19 16:10:37 2024: Joining hints that are identical (& from the same source) into multiplicity hints (input file /workspace/BRAKER3/tmp_merge_hints.gff)
# Thu Sep 19 16:10:37 2024: sort hints of type all
cat /workspace/BRAKER3/tmp_merge_hints.gff | sort -n -k 4,4 | sort -s -n -k 5,5 | sort -s -n -k 3,3 | sort -s -k 1,1 >/workspace/BRAKER3/hints.all.temp.sort.gff
# Thu Sep 19 16:10:37 2024: join multiple hints
/usr/bin/perl /opt/Augustus/scripts/join_mult_hints.pl </workspace/BRAKER3/hints.all.temp.sort.gff >/workspace/BRAKER3/tmp_merge_hints.gff 2>/workspace/BRAKER3/errors/join_mult_hints.all.stderr
cat /workspace/BRAKER3/tmp_merge_hints.gff /workspace/BRAKER3/tmp_no_merge_hints.gff > /workspace/BRAKER3/hintsfile.gff
# Thu Sep 19 16:10:37 2024: GeneMark-ETP run finished.
# Thu Sep 19 16:10:37 2024: link GeneMark-ETP training genes to /workspace/BRAKER3/GeneMark-ETP/training.gtf
ln -s /workspace/BRAKER3/GeneMark-ETP/proteins.fa/model/training.gtf /workspace/BRAKER3/GeneMark-ETP/training.gtf
# Thu Sep 19 16:10:37 2024: sorting GeneMark predictions in /workspace/BRAKER3/GeneMark-ETP/training.gtf
/opt/conda/bin/python3 /opt/BRAKER/scripts/sortGeneMark.py /workspace/BRAKER3/GeneMark-ETP/training.gtf > /workspace/BRAKER3/GeneMark-ETP/training.gtf.sorted 2> /workspace/BRAKER3/errors/sortGeneMark.err
mv /workspace/BRAKER3/GeneMark-ETP/training.gtf.sorted /workspace/BRAKER3/GeneMark-ETP/training.gtf
#**********************************************************************************
#                               TRAIN AUGUSTUS                                     
#**********************************************************************************
# Thu Sep 19 16:10:37 2024: training AUGUSTUS
# Thu Sep 19 16:10:37 2024: creating softlink from /workspace/BRAKER3/GeneMark-ETP/proteins.fa/model/training.gtf to /workspace/BRAKER3/traingenes.gtf.
ln -s /workspace/BRAKER3/GeneMark-ETP/proteins.fa/model/training.gtf /workspace/BRAKER3/traingenes.gtf
# Thu Sep 19 16:10:37 2024: Converting gtf file /workspace/BRAKER3/traingenes.gtf to genbank file
# Thu Sep 19 16:10:37 2024: Computing flanking region size for AUGUSTUS training genes
# Thu Sep 19 16:10:37 2024: create genbank file /workspace/BRAKER3/train.gb
/usr/bin/perl /opt/Augustus/scripts/gff2gbSmallDNA.pl /workspace/BRAKER3/traingenes.gtf /workspace/BRAKER3/genome.fa 921 /workspace/BRAKER3/train.gb 2>/workspace/BRAKER3/errors/traingenes.gtf_gff2gbSmallDNA.stderr
#*********
# INFORMATION: the size of flanking region used in this BRAKER run is 921. You might need this value if you later add a UTR training on top of an already existing BRAKER run.
#*********
# Thu Sep 19 16:10:38 2024: Genbank format file /workspace/BRAKER3/train.gb contains 114 genes.
# Thu Sep 19 16:10:38 2024: Filtering train.gb for "good" mRNAs:
/usr/bin/perl /opt/Augustus/scripts/filterGenesIn_mRNAname.pl /workspace/BRAKER3/traingenes.gtf /workspace/BRAKER3/train.gb > /workspace/BRAKER3/train.f.gb 2>/workspace/BRAKER3/errors/filterGenesIn_mRNAname.stderr
# Thu Sep 19 16:10:38 2024: Genbank format file /workspace/BRAKER3/train.f.gb contains 114 genes.
# Thu Sep 19 16:10:38 2024: Running etraining to catch gene structure inconsistencies:
/opt/Augustus/bin//etraining --species=Sp_1 --AUGUSTUS_CONFIG_PATH=/home/gitpod/.augustus /workspace/BRAKER3/train.f.gb 1> /workspace/BRAKER3/gbFilterEtraining.stdout 2>/workspace/BRAKER3/errors/gbFilterEtraining.stderr
# Thu Sep 19 16:10:38 2024: Filtering /workspace/BRAKER3/train.f.gb file to remove inconsistent gene structures...
/usr/bin/perl /opt/Augustus/scripts/filterGenes.pl /workspace/BRAKER3/etrain.bad.lst /workspace/BRAKER3/train.f.gb 1> /workspace/BRAKER3/train.ff.gb 2>/workspace/BRAKER3/errors/etrainFilterGenes.stderr
# Thu Sep 19 16:10:38 2024: Genbank format file /workspace/BRAKER3/train.ff.gb contains 114 genes.
# Thu Sep 19 16:10:38 2024: BLAST or DIAMOND training gene structures against themselves:
/usr/bin/perl /opt/Augustus/scripts/aa2nonred.pl /workspace/BRAKER3/traingenes.good.fa /workspace/BRAKER3/traingenes.good.nr.fa --DIAMOND_PATH=/opt/ETP/tools --cores=8 --diamond 1> /workspace/BRAKER3/aa2nonred.stdout 2>/workspace/BRAKER3/errors/aa2nonred.stderr
# Thu Sep 19 16:10:38 2024: Filtering nonredundant loci into /workspace/BRAKER3/train.fff.gb:
/usr/bin/perl /opt/Augustus/scripts/filterGenesIn.pl /workspace/BRAKER3/nonred.loci.lst /workspace/BRAKER3/train.ff.gb 1> /workspace/BRAKER3/train.fff.gb 2>/workspace/BRAKER3/errors/filterGenesIn.stderr
# Thu Sep 19 16:10:38 2024: Genbank format file /workspace/BRAKER3/train.fff.gb contains 114 genes.
# Thu Sep 19 16:10:38 2024: Moving /workspace/BRAKER3/train.fff.gb to /workspace/BRAKER3/train.gb:
mv /workspace/BRAKER3/train.fff.gb /workspace/BRAKER3/train.gb
# Thu Sep 19 16:10:38 2024: Splitting genbank file into train and test file
#*********
# WARNING: Number of reliable training genes is low (114). Recommended are at least 600 genes
#*********
/usr/bin/perl /opt/Augustus/scripts/randomSplit.pl /workspace/BRAKER3/train.gb 38 2>/workspace/BRAKER3/errors/randomSplit.stderr
# Thu Sep 19 16:10:38 2024: /workspace/BRAKER3/train.gb.test will be used for measuring AUGUSTUS accuracy after training
# Thu Sep 19 16:10:38 2024: Genbank format file /workspace/BRAKER3/train.gb.test contains 38 genes.
# Thu Sep 19 16:10:38 2024: Genbank format file /workspace/BRAKER3/train.gb.train contains 76 genes.
/usr/bin/perl /opt/Augustus/scripts/randomSplit.pl /workspace/BRAKER3/train.gb.train 38 2>/workspace/BRAKER3/errors/randomSplit.stderr
# Thu Sep 19 16:10:38 2024: Genbank format file /workspace/BRAKER3/train.gb.train.train contains 38 genes.
# Thu Sep 19 16:10:38 2024: Genbank format file /workspace/BRAKER3/train.gb.train.test contains 38 genes.
# Thu Sep 19 16:10:38 2024: /workspace/BRAKER3/train.gb.train.test will be used or measuring AUGUSTUS accuracy during training with optimize_augustus.pl
 /workspace/BRAKER3/train.gb.train.train will be used for running etraining in optimize_augustus.pl (together with train.gb.train.test)
 /workspace/BRAKER3/train.gb.train will be used for running etraining (outside of optimize_augustus.pl)
# Thu Sep 19 16:10:38 2024: Setting value of "stopCodonExcludedFromCDS" in /home/gitpod/.augustus/species/Sp_1/Sp_1_parameters.cfg to "true"
# Thu Sep 19 16:10:38 2024: first etraining
/opt/Augustus/bin//etraining --species=Sp_1 --AUGUSTUS_CONFIG_PATH=/home/gitpod/.augustus /workspace/BRAKER3/train.gb.train 1>/workspace/BRAKER3/firstetraining.stdout 2>/workspace/BRAKER3/errors/firstetraining.stderr
grep -c "exon doesn't end in stop codon" /workspace/BRAKER3/errors/firstetraining.stderr
# Thu Sep 19 16:10:38 2024: Error rate of missing stop codon is 0.934210526315789
# Thu Sep 19 16:10:38 2024: The appropriate value for "stopCodonExcludedFromCDS" seems to be "false".
# Thu Sep 19 16:10:38 2024: Setting value of "stopCodonExcludedFromCDS" in /home/gitpod/.augustus/species/Sp_1/Sp_1_parameters.cfg to "false"
# Thu Sep 19 16:10:38 2024: Running etraining again
/opt/Augustus/bin//etraining --species=Sp_1 --AUGUSTUS_CONFIG_PATH=/home/gitpod/.augustus /workspace/BRAKER3/train.gb.train 1>/workspace/BRAKER3/firstetraining.stdout 2>/workspace/BRAKER3/errors/firstetraining.stderr
# Thu Sep 19 16:10:39 2024: Adjusting stop-codon frequencies in species_parameters.cfg according to /workspace/BRAKER3/firstetraining.stdout
# Thu Sep 19 16:10:39 2024: Setting frequency of stop codons to tag=0.197, taa=0.329, tga=0.474.
# Thu Sep 19 16:10:39 2024: First AUGUSTUS accuracy test
/opt/Augustus/bin//augustus --species=Sp_1 --AUGUSTUS_CONFIG_PATH=/home/gitpod/.augustus /workspace/BRAKER3/train.gb.test 1>/workspace/BRAKER3/firsttest.stdout 2>/workspace/BRAKER3/errors/firsttest.stderr
# Thu Sep 19 16:10:42 2024: Computing accuracy of AUGUSTUS prediction (in test file derived from predictions on training data set stored in /workspace/BRAKER3/firsttest.stdout)
# Thu Sep 19 16:10:42 2024: The accuracy after initial training (no optimize_augustus.pl, no CRF) is 0.649866666666667
# Thu Sep 19 16:10:42 2024: Second etraining
/opt/Augustus/bin//etraining --species=Sp_1 --AUGUSTUS_CONFIG_PATH=/home/gitpod/.augustus /workspace/BRAKER3/train.gb.train 1>/workspace/BRAKER3/secondetraining.stdout 2>/workspace/BRAKER3/errors/secondetraining.stderr
# Thu Sep 19 16:10:43 2024: Second AUGUSTUS accuracy test
/opt/Augustus/bin//augustus --species=Sp_1 --AUGUSTUS_CONFIG_PATH=/home/gitpod/.augustus /workspace/BRAKER3/train.gb.test >/workspace/BRAKER3/secondtest.stdout 2>/workspace/BRAKER3/errors/secondtest.stderr
# Thu Sep 19 16:10:46 2024: Computing accuracy of AUGUSTUS prediction (in test file derived from predictions on training data set stored in /workspace/BRAKER3/secondtest.stdout)
# Thu Sep 19 16:10:46 2024: The accuracy after training (after optimize_augustus.pl, no CRF) is 0.649866666666667
# Thu Sep 19 16:10:46 2024: Copying optimized parameters to working directory /workspace/BRAKER3/species
cp -r /home/gitpod/.augustus/species/Sp_1 /workspace/BRAKER3/species
#**********************************************************************************
#                               PREDICTING GENES WITH AUGUSTUS (NO UTRS)           
#**********************************************************************************
# Thu Sep 19 16:10:46 2024: RUNNING AUGUSTUS
# Thu Sep 19 16:10:46 2024: Preparing genome for running AUGUSTUS in parallel
# Thu Sep 19 16:10:46 2024: Creating directory for storing AUGUSTUS files (hints, temporarily) /workspace/BRAKER3/genome_split.
# Thu Sep 19 16:10:46 2024: splitting genome file in smaller parts for parallel execution of AUGUSTUS prediction
/usr/bin/perl /opt/Augustus/scripts/splitMfasta.pl /workspace/BRAKER3/genome.fa --outputpath=/workspace/BRAKER3/genome_split 2>/workspace/BRAKER3/errors/splitMfasta.stderr
cd /workspace/BRAKER3/genome_split; for f in genome.split.*; do NAME=`grep ">" $f`; mv $f ${NAME#>}.fa; done; cd ..
# Thu Sep 19 16:10:46 2024: Split genome file in 8 parts, finished.
# Thu Sep 19 16:10:46 2024: copy extrinsic file /opt/BRAKER/scripts/cfg/etp.cfg to working directory
cp /opt/BRAKER/scripts/cfg/etp.cfg /workspace/BRAKER3/species/Sp_1/ex1.cfg
# Thu Sep 19 16:10:46 2024: Making AUGUSTUS jobs with hintsfile /workspace/BRAKER3/hintsfile.gff, cfgFile /opt/BRAKER/scripts/cfg/etp.cfg, UTR status off, and hintId hints
# Thu Sep 19 16:10:46 2024: Creating directory for storing AUGUSTUS files (hints, temporarily) /workspace/BRAKER3/augustus_tmp.
# Thu Sep 19 16:10:46 2024: creating /workspace/BRAKER3/aug_hints.lst for AUGUSTUS jobs
# Thu Sep 19 16:10:46 2024: creating AUGUSTUS jobs (with hints)
cd /workspace/BRAKER3
/usr/bin/perl /opt/Augustus/scripts/createAugustusJoblist.pl --sequences=/workspace/BRAKER3/aug_hints.lst --wrap="#!/bin/bash" --overlap=500000 --chunksize=2500000 --outputdir=/workspace/BRAKER3/augustus_tmp --joblist=/workspace/BRAKER3/hints.job.lst --jobprefix=aug_hints_ --partitionHints --command "/opt/Augustus/bin//augustus --species=Sp_1 --AUGUSTUS_CONFIG_PATH=/home/gitpod/.augustus --extrinsicCfgFile=/opt/BRAKER/scripts/cfg/etp.cfg --alternatives-from-evidence=true --UTR=off --exonnames=on --codingseq=on --allow_hinted_splicesites=gcag,atac  --softmasking=1" 2>/workspace/BRAKER3/errors/createAugustusJoblist_hints.stderr
cd ..
# Thu Sep 19 16:10:46 2024: Running AUGUSTUS jobs from /workspace/BRAKER3/hints.job.lst
# Thu Sep 19 16:10:46 2024: Running AUGUSTUS job 1
bash /workspace/BRAKER3/aug_hints_1
# Thu Sep 19 16:10:46 2024: Running AUGUSTUS job 2
bash /workspace/BRAKER3/aug_hints_2
# Thu Sep 19 16:10:46 2024: Running AUGUSTUS job 3
bash /workspace/BRAKER3/aug_hints_3
# Thu Sep 19 16:10:46 2024: Running AUGUSTUS job 4
bash /workspace/BRAKER3/aug_hints_4
# Thu Sep 19 16:10:46 2024: Running AUGUSTUS job 5
bash /workspace/BRAKER3/aug_hints_5
# Thu Sep 19 16:10:46 2024: Running AUGUSTUS job 6
bash /workspace/BRAKER3/aug_hints_6
# Thu Sep 19 16:10:46 2024: Running AUGUSTUS job 7
bash /workspace/BRAKER3/aug_hints_7
# Thu Sep 19 16:10:46 2024: Running AUGUSTUS job 8
bash /workspace/BRAKER3/aug_hints_8
# Thu Sep 19 16:11:25 2024: Joining AUGUSTUS predictions in directory /workspace/BRAKER3/augustus_tmp
# Thu Sep 19 16:11:25 2024: Concatenating AUGUSTUS output files in /workspace/BRAKER3/augustus_tmp
cat /workspace/BRAKER3/augustus_tmp/8.001.X7.fa.1..125100.gff >> /workspace/BRAKER3/augustus.tmp1.gff
cat /workspace/BRAKER3/augustus_tmp/7.001.X1.fa.1..125040.gff >> /workspace/BRAKER3/augustus.tmp1.gff
cat /workspace/BRAKER3/augustus_tmp/6.001.X8.fa.1..124361.gff >> /workspace/BRAKER3/augustus.tmp1.gff
cat /workspace/BRAKER3/augustus_tmp/5.001.X3.fa.1..125100.gff >> /workspace/BRAKER3/augustus.tmp1.gff
cat /workspace/BRAKER3/augustus_tmp/4.001.X5.fa.1..125100.gff >> /workspace/BRAKER3/augustus.tmp1.gff
cat /workspace/BRAKER3/augustus_tmp/3.001.X6.fa.1..125100.gff >> /workspace/BRAKER3/augustus.tmp1.gff
cat /workspace/BRAKER3/augustus_tmp/2.001.X2.fa.1..125100.gff >> /workspace/BRAKER3/augustus.tmp1.gff
cat /workspace/BRAKER3/augustus_tmp/1.001.X4.fa.1..125100.gff >> /workspace/BRAKER3/augustus.tmp1.gff
/usr/bin/perl /opt/Augustus/scripts/join_aug_pred.pl < /workspace/BRAKER3/augustus.tmp1.gff > /workspace/BRAKER3/augustus.hints.gff
# Thu Sep 19 16:11:26 2024: Deleting /workspace/BRAKER3/augustus_tmp
# Thu Sep 19 16:11:26 2024: Deleting /workspace/BRAKER3/augustus.tmp1.gff
# Thu Sep 19 16:11:26 2024: deleting files from AUGUSTUS parallelization
rm /workspace/BRAKER3/aug_hints_1
rm /workspace/BRAKER3/aug_hints_2
rm /workspace/BRAKER3/aug_hints_3
rm /workspace/BRAKER3/aug_hints_4
rm /workspace/BRAKER3/aug_hints_5
rm /workspace/BRAKER3/aug_hints_6
rm /workspace/BRAKER3/aug_hints_7
rm /workspace/BRAKER3/aug_hints_8
# Thu Sep 19 16:11:26 2024: Making a gtf file from /workspace/BRAKER3/augustus.hints.gff
cat /workspace/BRAKER3/augustus.hints.gff | /usr/bin/perl -ne 'if(m/\tAUGUSTUS\t/) {print $_;}' | /usr/bin/perl /opt/Augustus/scripts/gtf2gff.pl --printExon --out=/workspace/BRAKER3/augustus.hints.tmp.gtf 2>/workspace/BRAKER3/errors/gtf2gff.augustus.hints.gtf.stderr
# Thu Sep 19 16:11:26 2024: Making a fasta file with protein sequences of /workspace/BRAKER3/augustus.hints.gtf
/opt/conda/bin/python3 /opt/Augustus/scripts/getAnnoFastaFromJoingenes.py -g /workspace/BRAKER3/genome.fa -f /workspace/BRAKER3/augustus.hints.gtf -o /workspace/BRAKER3/augustus.hints 1> /workspace/BRAKER3/getAnnoFastaFromJoingenes.augustus.hints_tmp.stdout 2>/workspace/BRAKER3/errors/getAnnoFastaFromJoingenes.augustus.hints_tmp.stderr
# Thu Sep 19 16:11:26 2024: Making a fasta file with protein sequences of /workspace/BRAKER3/augustus.hints.gtf
/opt/conda/bin/python3 /opt/Augustus/scripts/getAnnoFastaFromJoingenes.py -g /workspace/BRAKER3/genome.fa -f /workspace/BRAKER3/augustus.hints.gtf -o /workspace/BRAKER3/augustus.hints 1> /workspace/BRAKER3/getAnnoFastaFromJoingenes.augustus.hints_hints.stdout 2>/workspace/BRAKER3/errors/getAnnoFastaFromJoingenes.augustus.hints_hints.stderr
# Thu Sep 19 16:11:26 2024: AUGUSTUS prediction complete
# Thu Sep 19 16:11:26 2024: Trying to create merged gene set from GeneMark-EX and AUGUSTUS predictions (braker.gtf/braker.utr.gtf)...
# Thu Sep 19 16:11:26 2024: Trying to create combined gene set with TSEBRA...
/opt/TSEBRA/bin/tsebra.py --gtf /workspace/BRAKER3/augustus.hints.gtf,/workspace/BRAKER3/GeneMark-ETP/genemark.gtf --keep_gtf /workspace/BRAKER3/GeneMark-ETP/training.gtf --hintfiles /workspace/BRAKER3/hintsfile.gff --cfg /opt/TSEBRA/bin/../config/braker3.cfg --out /workspace/BRAKER3/braker.gtf -q 2>/workspace/BRAKER3/errors/tsebra.stderr
mv /workspace/BRAKER3/braker.gtf /workspace/BRAKER3/braker.gtf_temp
# Thu Sep 19 16:11:27 2024: Making a fasta file with protein sequences of /workspace/BRAKER3/braker.gtf
/opt/conda/bin/python3 /opt/Augustus/scripts/getAnnoFastaFromJoingenes.py -g /workspace/BRAKER3/genome.fa -f /workspace/BRAKER3/braker.gtf -o /workspace/BRAKER3/braker 1> /workspace/BRAKER3/getAnnoFastaFromJoingenes.braker_.stdout 2>/workspace/BRAKER3/errors/getAnnoFastaFromJoingenes.braker_.stderr
# Thu Sep 19 16:11:27 2024: deleting empty files
# Thu Sep 19 16:11:27 2024: find /workspace/BRAKER3 -empty
rm /workspace/BRAKER3/errors/find_python3_re.err
rm /workspace/BRAKER3/errors/find_python3_biopython.err
rm /workspace/BRAKER3/errors/gc_content.stderr
rm /workspace/BRAKER3/errors/new_species.stderr
rm /workspace/BRAKER3/errors/samtools.sort.RNAseq.stdout
rm /workspace/BRAKER3/errors/get_etp_hints.stdout
rm /workspace/BRAKER3/errors/get_etp_hints.stderr
rm /workspace/BRAKER3/errors/join_mult_hints.all.stderr
rm /workspace/BRAKER3/errors/sortGeneMark.err
rm /workspace/BRAKER3/errors/traingenes.gtf_gff2gbSmallDNA.stderr
rm /workspace/BRAKER3/errors/filterGenesIn_mRNAname.stderr
rm /workspace/BRAKER3/errors/gbFilterEtraining.stderr
rm /workspace/BRAKER3/errors/etrainFilterGenes.stderr
rm /workspace/BRAKER3/errors/filterGenesIn.stderr
rm /workspace/BRAKER3/errors/randomSplit.stderr
rm /workspace/BRAKER3/errors/firstetraining.stderr
rm /workspace/BRAKER3/errors/firsttest.stderr
rm /workspace/BRAKER3/errors/secondetraining.stderr
rm /workspace/BRAKER3/errors/secondtest.stderr
rm /workspace/BRAKER3/errors/splitMfasta.stderr
rm /workspace/BRAKER3/errors/createAugustusJoblist_hints.stderr
rm /workspace/BRAKER3/errors/gtf2gff.augustus.hints.gtf.stderr
rm /workspace/BRAKER3/errors/getAnnoFastaFromJoingenes.augustus.hints_tmp.stderr
rm /workspace/BRAKER3/errors/getAnnoFastaFromJoingenes.augustus.hints_hints.stderr
rm /workspace/BRAKER3/errors/tsebra.stderr
rm /workspace/BRAKER3/errors/tsebra_rename.stderr
rm /workspace/BRAKER3/errors/getAnnoFastaFromJoingenes.braker_.stderr
rm /workspace/BRAKER3/etrain.bad.lst
rm /workspace/BRAKER3/getAnnoFastaFromJoingenes.augustus.hints_tmp.stdout
rm /workspace/BRAKER3/getAnnoFastaFromJoingenes.augustus.hints_hints.stdout
rm /workspace/BRAKER3/getAnnoFastaFromJoingenes.braker_.stdout
# Thu Sep 19 16:11:27 2024: deleting job lst files (if existing)
rm /workspace/BRAKER3/tmp_merge_hints.gff
rm /workspace/BRAKER3/tmp_no_merge_hints.gff
rm /workspace/BRAKER3/traingenes.gtf
rm /workspace/BRAKER3/train.f.gb
rm /workspace/BRAKER3/gbFilterEtraining.stdout
rm /workspace/BRAKER3/train.ff.gb
rm /workspace/BRAKER3/traingenes.good.gtf
rm /workspace/BRAKER3/traingenes.good.fa
rm /workspace/BRAKER3/aa2nonred.stdout
rm /workspace/BRAKER3/traingenes.good.nr.fa
rm /workspace/BRAKER3/nonred.loci.lst
rm /workspace/BRAKER3/train.gb.train
rm /workspace/BRAKER3/train.gb.test
rm /workspace/BRAKER3/train.gb.train.train
rm /workspace/BRAKER3/train.gb.train.test
rm /workspace/BRAKER3/firstetraining.stdout
rm /workspace/BRAKER3/secondetraining.stdout
rm /workspace/BRAKER3/aug_hints.lst
rm /workspace/BRAKER3/hints.job.lst
rm /workspace/BRAKER3/augustus.hints.tmp.gtf
/usr/bin/perl /opt/BRAKER/scripts/braker_cleanup.pl --wdir=/workspace/BRAKER3
Deleting file /workspace/BRAKER3/firsttest.stdout
Deleting file /workspace/BRAKER3/genome.fa
Deleting file /workspace/BRAKER3/secondtest.stdout
Deleting file /workspace/BRAKER3/train.gb
Deleting file /workspace/BRAKER3/GeneMark-ETP/proteins.fa/model/set.out
Deleting file /workspace/BRAKER3/GeneMark-ETP/proteins.fa/model/parse.es_c
Deleting file /workspace/BRAKER3/GeneMark-ETP/proteins.fa/model/non.seq
Deleting file /workspace/BRAKER3/GeneMark-ETP/proteins.fa/nonhc/nonhc.fasta
Deleting file /workspace/BRAKER3/GeneMark-ETP/rnaseq/hints/proteins.fa/prothint/nuc.fasta
Deleting file /workspace/BRAKER3/augustus.hints.gff
Deleting file /workspace/BRAKER3/proteins.fa
Deleting file /workspace/BRAKER3/braker.gtf_temp
Deleting file /workspace/BRAKER3/gc_content.out
Deleting directory /workspace/BRAKER3/GeneMark-ETP/etp_data
Deleting directory /workspace/BRAKER3/GeneMark-ETP/rnaseq/gmst/
Deleting directory /workspace/BRAKER3/GeneMark-ETP/rnaseq/hisat2/
Deleting directory /workspace/BRAKER3/GeneMark-ETP/arx
Deleting directory /workspace/BRAKER3/GeneMark-ETP/proteins.fa/hc/regions/
Deleting directory /workspace/BRAKER3/GeneMark-ETP/proteins.fa/nonhc/prothint
Deleting directory /workspace/BRAKER3/GeneMark-ETP/rnaseq/hints/proteins.fa/prothint/Spaln
Deleting directory /workspace/BRAKER3/GeneMark-ETP/proteins.fa/nonhc/for_prothint
Deleting directory /workspace/BRAKER3/GeneMark-ETP/proteins.fa/nonhc/pred_m
Deleting directory /workspace/BRAKER3/GeneMark-ETP/proteins.fa/nonhc/regions
Deleting directory /workspace/BRAKER3/GeneMark-ETP/proteins.fa/etr
Deleting directory /workspace/BRAKER3/GeneMark-ETP/rnaseq/hints/proteins.fa/prothint/diamond
Deleting directory /workspace/BRAKER3/GeneMark-ETP/data
#**********************************************************************************
#                               BRAKER RUN FINISHED                                
#**********************************************************************************
