19-Sep-24 16:04:51 - INFO: Starting the GMST filtering and classification.
19-Sep-24 16:04:51 - INFO: Running the following system call: /opt/ETP/bin/GeneMarkSTFiltering/gms2hints.pl --tseq /workspace/BRAKER3/GeneMark-ETP/rnaseq/stringtie/transcripts_merged.fasta --ggtf /workspace/BRAKER3/GeneMark-ETP/rnaseq/stringtie/transcripts_merged.gff                --tgff /workspace/BRAKER3/GeneMark-ETP/rnaseq/gmst/transcripts_merged.fasta.gff --out /workspace/BRAKER3/GeneMark-ETP/rnaseq/hints/proteins.fa/tmp/gmstdgt9_p_h.gtf                  
19-Sep-24 16:04:51 - INFO: Making diamond database from /workspace/BRAKER3/GeneMark-ETP/data/proteins.fa
19-Sep-24 16:04:51 - INFO: Running the following system call: diamond makedb --in /workspace/BRAKER3/GeneMark-ETP/data/proteins.fa -d /workspace/BRAKER3/GeneMark-ETP/rnaseq/hints/proteins.fa/tmp/diamondDBe6hf29nb.dmnd                --threads 8
diamond v2.0.15.153 (C) Max Planck Society for the Advancement of Science
Documentation, support and updates available at http://www.diamondsearch.org
Please cite: http://dx.doi.org/10.1038/s41592-021-01101-x Nature Methods (2021)

#CPU threads: 8
Scoring parameters: (Matrix=BLOSUM62 Lambda=0.267 K=0.041 Penalties=11/1)
Database input file: /workspace/BRAKER3/GeneMark-ETP/data/proteins.fa
Opening the database file...  [0s]
Loading sequences...  [0.012s]
Masking sequences...  [0.065s]
Writing sequences...  [0.001s]
Hashing sequences...  [0s]
Loading sequences...  [0s]
Writing trailer...  [0s]
Closing the input file...  [0s]
Closing the database file...  [0.002s]

Database sequences  5733
  Database letters  2599346
     Database hash  0d638daee5e20b9473fe0ca2e5664a00
        Total time  0.082000s
19-Sep-24 16:04:51 - INFO: Preparing complete alternatives for incomplete predictions.
19-Sep-24 16:04:51 - INFO: Running the following system call: /opt/ETP/bin/GeneMarkSTFiltering/gms2hints.pl --tseq /workspace/BRAKER3/GeneMark-ETP/rnaseq/stringtie/transcripts_merged.fasta --ggtf /workspace/BRAKER3/GeneMark-ETP/rnaseq/stringtie/transcripts_merged.gff                --tgff /workspace/BRAKER3/GeneMark-ETP/rnaseq/hints/proteins.fa/tmp/gmstSubsetxsbqfsic.gtf --out /workspace/BRAKER3/GeneMark-ETP/rnaseq/hints/proteins.fa/tmp/gmstc47rzw2i.gtf                --complete  
19-Sep-24 16:04:51 - INFO: Classifying incomplete predictions
19-Sep-24 16:04:51 - INFO: Running the following system call: /opt/ETP/bin/GeneMarkSTFiltering/proteins_from_gtf.pl --seq /workspace/BRAKER3/GeneMark-ETP/data/genome.softmasked.fasta --annot /workspace/BRAKER3/GeneMark-ETP/rnaseq/hints/proteins.fa/tmp/gtfFile5zqr44li.gtf                --out /workspace/BRAKER3/GeneMark-ETP/rnaseq/hints/proteins.fa/tmp/queryProteins1nfeb4ne.fasta
19-Sep-24 16:04:51 - INFO: Running DIAMOND with the query: /workspace/BRAKER3/GeneMark-ETP/rnaseq/hints/proteins.fa/tmp/queryProteins1nfeb4ne.fasta
19-Sep-24 16:04:51 - INFO: Running the following system call: diamond blastp --query /workspace/BRAKER3/GeneMark-ETP/rnaseq/hints/proteins.fa/tmp/queryProteins1nfeb4ne.fasta --db /workspace/BRAKER3/GeneMark-ETP/rnaseq/hints/proteins.fa/tmp/diamondDBe6hf29nb.dmnd                --outfmt 6 qseqid sseqid pident length positive mismatch                gapopen qstart qend sstart send evalue bitscore qlen slen                --max-target-seqs 25 --more-sensitive                --threads 8 > /workspace/BRAKER3/GeneMark-ETP/rnaseq/hints/proteins.fa/tmp/diamondr2ml01ek.out
19-Sep-24 16:04:53 - INFO: Making diamond database from /workspace/BRAKER3/GeneMark-ETP/rnaseq/hints/proteins.fa/tmp/proteinsz9sf3v21.fasta
19-Sep-24 16:04:53 - INFO: Running the following system call: diamond makedb --in /workspace/BRAKER3/GeneMark-ETP/rnaseq/hints/proteins.fa/tmp/proteinsz9sf3v21.fasta -d /workspace/BRAKER3/GeneMark-ETP/rnaseq/hints/proteins.fa/tmp/diamondDBupef_goa.dmnd                --threads 8
diamond v2.0.15.153 (C) Max Planck Society for the Advancement of Science
Documentation, support and updates available at http://www.diamondsearch.org
Please cite: http://dx.doi.org/10.1038/s41592-021-01101-x Nature Methods (2021)

#CPU threads: 8
Scoring parameters: (Matrix=BLOSUM62 Lambda=0.267 K=0.041 Penalties=11/1)
Database input file: /workspace/BRAKER3/GeneMark-ETP/rnaseq/hints/proteins.fa/tmp/proteinsz9sf3v21.fasta
Opening the database file...  [0s]
Loading sequences...  [0.002s]
Masking sequences...  [0.036s]
Writing sequences...  [0s]
Hashing sequences...  [0s]
Loading sequences...  [0s]
Writing trailer...  [0s]
Closing the input file...  [0s]
Closing the database file...  [0.001s]

Database sequences  1090
  Database letters  584912
     Database hash  dd6eb154173bbd03dee5765ded83490b
        Total time  0.042000s
19-Sep-24 16:04:53 - INFO: Running the following system call: /opt/ETP/bin/GeneMarkSTFiltering/proteins_from_gtf.pl --seq /workspace/BRAKER3/GeneMark-ETP/data/genome.softmasked.fasta --annot /workspace/BRAKER3/GeneMark-ETP/rnaseq/hints/proteins.fa/tmp/gmstc47rzw2i.gtf                --out /workspace/BRAKER3/GeneMark-ETP/rnaseq/hints/proteins.fa/tmp/queryProteinst_q0crd6.fasta
19-Sep-24 16:04:53 - INFO: Running DIAMOND with the query: /workspace/BRAKER3/GeneMark-ETP/rnaseq/hints/proteins.fa/tmp/queryProteinst_q0crd6.fasta
19-Sep-24 16:04:53 - INFO: Running the following system call: diamond blastp --query /workspace/BRAKER3/GeneMark-ETP/rnaseq/hints/proteins.fa/tmp/queryProteinst_q0crd6.fasta --db /workspace/BRAKER3/GeneMark-ETP/rnaseq/hints/proteins.fa/tmp/diamondDBupef_goa.dmnd                --outfmt 6 qseqid sseqid pident length positive mismatch                gapopen qstart qend sstart send evalue bitscore qlen slen                --max-target-seqs 0 --more-sensitive                --threads 8 > /workspace/BRAKER3/GeneMark-ETP/rnaseq/hints/proteins.fa/tmp/diamond9y06yo72.out
19-Sep-24 16:04:53 - INFO: Filtering incomplete predictions
19-Sep-24 16:04:53 - INFO: Filtering shortened complete predictions
19-Sep-24 16:04:53 - INFO: Running the following system call: /opt/ETP/bin/GeneMarkSTFiltering/proteins_from_gtf.pl --seq /workspace/BRAKER3/GeneMark-ETP/data/genome.softmasked.fasta --annot /workspace/BRAKER3/GeneMark-ETP/rnaseq/hints/proteins.fa/tmp/gtfFile0rbfsa9a.gtf                --out /workspace/BRAKER3/GeneMark-ETP/rnaseq/hints/proteins.fa/tmp/queryProteins6crpcn_8.fasta
19-Sep-24 16:04:53 - INFO: Running DIAMOND with the query: /workspace/BRAKER3/GeneMark-ETP/rnaseq/hints/proteins.fa/tmp/queryProteins6crpcn_8.fasta
19-Sep-24 16:04:53 - INFO: Running the following system call: diamond blastp --query /workspace/BRAKER3/GeneMark-ETP/rnaseq/hints/proteins.fa/tmp/queryProteins6crpcn_8.fasta --db /workspace/BRAKER3/GeneMark-ETP/rnaseq/hints/proteins.fa/tmp/diamondDBe6hf29nb.dmnd                --outfmt 6 qseqid sseqid pident length positive mismatch                gapopen qstart qend sstart send evalue bitscore qlen slen                --max-target-seqs 25 --more-sensitive                --threads 8 > /workspace/BRAKER3/GeneMark-ETP/rnaseq/hints/proteins.fa/tmp/diamondagac8u06.out
19-Sep-24 16:04:55 - INFO: Filtering complete GMST predictions
19-Sep-24 16:04:55 - INFO: Running the following system call: /opt/ETP/bin/GeneMarkSTFiltering/proteins_from_gtf.pl --seq /workspace/BRAKER3/GeneMark-ETP/data/genome.softmasked.fasta --annot /workspace/BRAKER3/GeneMark-ETP/rnaseq/hints/proteins.fa/tmp/gtfFilet9zgo3nt.gtf                --out /workspace/BRAKER3/GeneMark-ETP/rnaseq/hints/proteins.fa/tmp/queryProteinsdht9w0op.fasta
19-Sep-24 16:04:55 - INFO: Running DIAMOND with the query: /workspace/BRAKER3/GeneMark-ETP/rnaseq/hints/proteins.fa/tmp/queryProteinsdht9w0op.fasta
19-Sep-24 16:04:55 - INFO: Running the following system call: diamond blastp --query /workspace/BRAKER3/GeneMark-ETP/rnaseq/hints/proteins.fa/tmp/queryProteinsdht9w0op.fasta --db /workspace/BRAKER3/GeneMark-ETP/rnaseq/hints/proteins.fa/tmp/diamondDBe6hf29nb.dmnd                --outfmt 6 qseqid sseqid pident length positive mismatch                gapopen qstart qend sstart send evalue bitscore qlen slen                --max-target-seqs 25 --more-sensitive                --threads 8 > /workspace/BRAKER3/GeneMark-ETP/rnaseq/hints/proteins.fa/tmp/diamond22fweczj.out
19-Sep-24 16:04:57 - INFO: Extending predictions with non 5'-most starts (when supported by proteins) to the 5'-most start.
19-Sep-24 16:04:57 - INFO: Running the following system call: /opt/ETP/bin/GeneMarkSTFiltering/gms2hints.pl --tseq /workspace/BRAKER3/GeneMark-ETP/rnaseq/stringtie/transcripts_merged.fasta --ggtf /workspace/BRAKER3/GeneMark-ETP/rnaseq/stringtie/transcripts_merged.gff                --tgff /workspace/BRAKER3/GeneMark-ETP/rnaseq/hints/proteins.fa/tmp/gmstSubsetrunz_5fc.gtf --out /workspace/BRAKER3/GeneMark-ETP/rnaseq/hints/proteins.fa/tmp/gmstmp0y0ck3.gtf                 --long 
19-Sep-24 16:04:57 - INFO: Running the following system call: /opt/ETP/bin/GeneMarkSTFiltering/proteins_from_gtf.pl --seq /workspace/BRAKER3/GeneMark-ETP/data/genome.softmasked.fasta --annot /workspace/BRAKER3/GeneMark-ETP/rnaseq/hints/proteins.fa/tmp/gmstmp0y0ck3.gtf                --out /workspace/BRAKER3/GeneMark-ETP/rnaseq/hints/proteins.fa/tmp/queryProteinsae5rz3fr.fasta
19-Sep-24 16:04:57 - INFO: Running DIAMOND with the query: /workspace/BRAKER3/GeneMark-ETP/rnaseq/hints/proteins.fa/tmp/queryProteinsae5rz3fr.fasta
19-Sep-24 16:04:57 - INFO: Running the following system call: diamond blastp --query /workspace/BRAKER3/GeneMark-ETP/rnaseq/hints/proteins.fa/tmp/queryProteinsae5rz3fr.fasta --db /workspace/BRAKER3/GeneMark-ETP/rnaseq/hints/proteins.fa/tmp/diamondDBe6hf29nb.dmnd                --outfmt 6 qseqid sseqid pident length positive mismatch                gapopen qstart qend sstart send evalue bitscore qlen slen                --max-target-seqs 25 --more-sensitive                --threads 8 > /workspace/BRAKER3/GeneMark-ETP/rnaseq/hints/proteins.fa/tmp/diamond63mkfric.out
19-Sep-24 16:04:58 - INFO: Running the following system call: /opt/ETP/bin/GeneMarkSTFiltering/proteins_from_gtf.pl --seq /workspace/BRAKER3/GeneMark-ETP/data/genome.softmasked.fasta --annot /workspace/BRAKER3/GeneMark-ETP/rnaseq/hints/proteins.fa/tmp/gtfFilejhkp763o.gtf                --out /workspace/BRAKER3/GeneMark-ETP/rnaseq/hints/proteins.fa/tmp/queryProteinso_41n_75.fasta
19-Sep-24 16:04:58 - INFO: Running DIAMOND with the query: /workspace/BRAKER3/GeneMark-ETP/rnaseq/hints/proteins.fa/tmp/queryProteinso_41n_75.fasta
19-Sep-24 16:04:58 - INFO: Running the following system call: diamond blastp --query /workspace/BRAKER3/GeneMark-ETP/rnaseq/hints/proteins.fa/tmp/queryProteinso_41n_75.fasta --db /workspace/BRAKER3/GeneMark-ETP/rnaseq/hints/proteins.fa/tmp/diamondDBe6hf29nb.dmnd                --outfmt 6 qseqid sseqid pident length positive mismatch                gapopen qstart qend sstart send evalue bitscore qlen slen                --max-target-seqs 25 --more-sensitive                --threads 8 > /workspace/BRAKER3/GeneMark-ETP/rnaseq/hints/proteins.fa/tmp/diamond2rauqojt.out
19-Sep-24 16:04:59 - INFO: Filtering incomplete predictions with no start candidate
19-Sep-24 16:04:59 - INFO: Running the following system call: /opt/ETP/bin/GeneMarkSTFiltering/proteins_from_gtf.pl --seq /workspace/BRAKER3/GeneMark-ETP/data/genome.softmasked.fasta --annot /workspace/BRAKER3/GeneMark-ETP/rnaseq/hints/proteins.fa/tmp/gtfFile8zki0cs2.gtf                --out /workspace/BRAKER3/GeneMark-ETP/rnaseq/hints/proteins.fa/tmp/queryProteinslq91iwvp.fasta
19-Sep-24 16:04:59 - INFO: Running DIAMOND with the query: /workspace/BRAKER3/GeneMark-ETP/rnaseq/hints/proteins.fa/tmp/queryProteinslq91iwvp.fasta
19-Sep-24 16:04:59 - INFO: Running the following system call: diamond blastp --query /workspace/BRAKER3/GeneMark-ETP/rnaseq/hints/proteins.fa/tmp/queryProteinslq91iwvp.fasta --db /workspace/BRAKER3/GeneMark-ETP/rnaseq/hints/proteins.fa/tmp/diamondDBe6hf29nb.dmnd                --outfmt 6 qseqid sseqid pident length positive mismatch                gapopen qstart qend sstart send evalue bitscore qlen slen                --max-target-seqs 25 --more-sensitive                --threads 8 > /workspace/BRAKER3/GeneMark-ETP/rnaseq/hints/proteins.fa/tmp/diamond7lbpc90y.out
19-Sep-24 16:05:01 - INFO: Selecting representative isoforms.
19-Sep-24 16:05:01 - INFO: Filtering complete alternative isoforms.
19-Sep-24 16:05:01 - INFO: Adding reliable genes not fully supported by proteins.
19-Sep-24 16:05:01 - INFO: Running the following system call: /opt/ETP/bin/gmes/ProtHint/bin/prothint.py /workspace/BRAKER3/GeneMark-ETP/data/genome.softmasked.fasta /workspace/BRAKER3/GeneMark-ETP/data/proteins.fa                --geneSeeds ./prothint_unsupported/seeds.gtf --workdir ./prothint_unsupported --longGene 30000000                --longProtein 15000000 --threads 8
ProtHint Version 2.6.0
Copyright 2019, Georgia Institute of Technology, USA

Please cite
  - ProtHint: https://doi.org/10.1093/nargab/lqaa026
  - DIAMOND:  https://doi.org/10.1038/nmeth.3176
  - Spaln:    https://doi.org/10.1093/bioinformatics/btn460

Called from: /workspace/BRAKER3/GeneMark-ETP/rnaseq/hints/proteins.fa
Cmd: /opt/ETP/bin/gmes/ProtHint/bin/prothint.py /workspace/BRAKER3/GeneMark-ETP/data/genome.softmasked.fasta /workspace/BRAKER3/GeneMark-ETP/data/proteins.fa --geneSeeds ./prothint_unsupported/seeds.gtf --workdir ./prothint_unsupported --longGene 30000000 --longProtein 15000000 --threads 8

[Thu Sep 19 16:05:01 2024] Pre-processing protein input
[Thu Sep 19 16:05:01 2024] Skipping GeneMark-ES, using the supplied gene seeds file instead
[Thu Sep 19 16:05:01 2024] Translating gene seeds to proteins
[Thu Sep 19 16:05:01 2024] Translation of seeds finished
[Thu Sep 19 16:05:01 2024] Running DIAMOND
diamond v0.9.24.125 | by Benjamin Buchfink <buchfink@gmail.com>
Licensed under the GNU GPL <https://www.gnu.org/licenses/gpl.txt>
Check http://github.com/bbuchfink/diamond for updates.

#CPU threads: 8
Scoring parameters: (Matrix=BLOSUM62 Lambda=0.267 K=0.041 Penalties=11/1)
Database file: /workspace/BRAKER3/GeneMark-ETP/rnaseq/hints/proteins.fa/prothint_unsupported/prot9rnimhf4
Opening the database file...  [0.000137s]
Loading sequences...  [0.011635s]
Masking sequences...  [0.133758s]
Writing sequences...  [0.004762s]
Hashing sequences...  [0.000861s]
Loading sequences...  [1.5e-05s]
Writing trailer...  [0.000337s]
Closing the input file...  [3.1e-05s]
Closing the database file...  [3.7e-05s]
Database hash = e1048f69f134493ac567793c01fff94c
Processed 5733 sequences, 2599346 letters.
Total time = 0.151807s
diamond v0.9.24.125 | by Benjamin Buchfink <buchfink@gmail.com>
Licensed under the GNU GPL <https://www.gnu.org/licenses/gpl.txt>
Check http://github.com/bbuchfink/diamond for updates.

#CPU threads: 8
Scoring parameters: (Matrix=BLOSUM62 Lambda=0.267 K=0.041 Penalties=11/1)
Temporary directory: 
Opening the database...  [5.2e-05s]
#Target sequences to report alignments for: 25
Opening the input file...  [2.2e-05s]
Opening the output file...  [3.1e-05s]
Loading query sequences...  [3.1e-05s]
Masking queries...  [0.000622s]
Building query seed set...  [0.001547s]
Algorithm: Double-indexed
Building query histograms...  [0.000421s]
Allocating buffers...  [2.9e-05s]
Loading reference sequences...  [0.004915s]
Building reference histograms...  [0.008589s]
Allocating buffers...  [3.7e-05s]
Initializing temporary storage...  [0.004794s]
Processing query chunk 0, reference chunk 0, shape 0, index chunk 0.
Building reference index...  [0.011063s]
Building query index...  [0.000815s]
Building seed filter...  [0.001127s]
Searching alignments...  [0.000757s]
Processing query chunk 0, reference chunk 0, shape 0, index chunk 1.
Building reference index...  [0.010546s]
Building query index...  [0.000862s]
Building seed filter...  [0.00105s]
Searching alignments...  [0.000775s]
Processing query chunk 0, reference chunk 0, shape 0, index chunk 2.
Building reference index...  [0.053802s]
Building query index...  [0.000802s]
Building seed filter...  [0.000989s]
Searching alignments...  [0.000704s]
Processing query chunk 0, reference chunk 0, shape 0, index chunk 3.
Building reference index...  [0.009664s]
Building query index...  [0.000744s]
Building seed filter...  [0.001024s]
Searching alignments...  [0.000703s]
Processing query chunk 0, reference chunk 0, shape 1, index chunk 0.
Building reference index...  [0.009615s]
Building query index...  [0.00093s]
Building seed filter...  [0.001151s]
Searching alignments...  [0.000785s]
Processing query chunk 0, reference chunk 0, shape 1, index chunk 1.
Building reference index...  [0.010469s]
Building query index...  [0.000787s]
Building seed filter...  [0.001001s]
Searching alignments...  [0.000689s]
Processing query chunk 0, reference chunk 0, shape 1, index chunk 2.
Building reference index...  [0.054576s]
Building query index...  [0.000717s]
Building seed filter...  [0.000961s]
Searching alignments...  [0.000671s]
Processing query chunk 0, reference chunk 0, shape 1, index chunk 3.
Building reference index...  [0.009481s]
Building query index...  [0.000722s]
Building seed filter...  [0.001071s]
Searching alignments...  [0.000716s]
Deallocating buffers...  [0.000554s]
Computing alignments...  [0.007508s]
Deallocating reference...  [0.000284s]
Loading reference sequences...  [1.8e-05s]
Deallocating buffers...  [6e-06s]
Deallocating queries...  [8e-06s]
Loading query sequences...  [1.4e-05s]
Closing the input file...  [2.3e-05s]
Closing the output file...  [5.2e-05s]
Closing the database file...  [1.4e-05s]
Deallocating taxonomy...  [6e-06s]
Total time = 0.22132s
Reported 64 pairwise alignments, 64 HSPs.
3 queries aligned.
[Thu Sep 19 16:05:01 2024] DIAMOND finished
[Thu Sep 19 16:05:01 2024] Preparing pairs for alignments
[Thu Sep 19 16:05:01 2024] Preparation of pairs finished
[Thu Sep 19 16:05:01 2024] Starting spliced alignment with spaln
[Thu Sep 19 16:05:01 2024] Loading alignment pairs into memory
[Thu Sep 19 16:05:01 2024] Pairs loaded. Number of pairs to align: 64
[Thu Sep 19 16:05:01 2024] Starting the alignments
[Thu Sep 19 16:05:01 2024] Enqueueing pair 0/64 (0.0%)
[Thu Sep 19 16:05:01 2024] Enqueueing pair 1/64 (1.5%)
[Thu Sep 19 16:05:01 2024] Enqueueing pair 2/64 (3.1%)
[Thu Sep 19 16:05:01 2024] Enqueueing pair 3/64 (4.6%)
[Thu Sep 19 16:05:01 2024] Enqueueing pair 4/64 (6.2%)
[Thu Sep 19 16:05:01 2024] Enqueueing pair 5/64 (7.8%)
[Thu Sep 19 16:05:01 2024] Enqueueing pair 6/64 (9.3%)
[Thu Sep 19 16:05:01 2024] Enqueueing pair 7/64 (10.9%)
[Thu Sep 19 16:05:01 2024] Enqueueing pair 8/64 (12.5%)
[Thu Sep 19 16:05:01 2024] Enqueueing pair 9/64 (14.0%)
[Thu Sep 19 16:05:01 2024] Enqueueing pair 10/64 (15.6%)
[Thu Sep 19 16:05:01 2024] Enqueueing pair 11/64 (17.1%)
[Thu Sep 19 16:05:01 2024] Enqueueing pair 12/64 (18.7%)
[Thu Sep 19 16:05:01 2024] Enqueueing pair 13/64 (20.3%)
[Thu Sep 19 16:05:01 2024] Enqueueing pair 14/64 (21.8%)
[Thu Sep 19 16:05:01 2024] Enqueueing pair 15/64 (23.4%)
[Thu Sep 19 16:05:01 2024] Enqueueing pair 16/64 (25.0%)
[Thu Sep 19 16:05:01 2024] Enqueueing pair 17/64 (26.5%)
[Thu Sep 19 16:05:01 2024] Enqueueing pair 18/64 (28.1%)
[Thu Sep 19 16:05:01 2024] Enqueueing pair 19/64 (29.6%)
[Thu Sep 19 16:05:01 2024] Enqueueing pair 20/64 (31.2%)
[Thu Sep 19 16:05:01 2024] Enqueueing pair 21/64 (32.8%)
[Thu Sep 19 16:05:01 2024] Enqueueing pair 22/64 (34.3%)
[Thu Sep 19 16:05:01 2024] Enqueueing pair 23/64 (35.9%)
[Thu Sep 19 16:05:01 2024] Enqueueing pair 24/64 (37.5%)
[Thu Sep 19 16:05:01 2024] Enqueueing pair 25/64 (39.0%)
[Thu Sep 19 16:05:01 2024] Enqueueing pair 26/64 (40.6%)
[Thu Sep 19 16:05:01 2024] Enqueueing pair 27/64 (42.1%)
[Thu Sep 19 16:05:01 2024] Enqueueing pair 28/64 (43.7%)
[Thu Sep 19 16:05:01 2024] Enqueueing pair 29/64 (45.3%)
[Thu Sep 19 16:05:01 2024] Enqueueing pair 30/64 (46.8%)
[Thu Sep 19 16:05:01 2024] Enqueueing pair 31/64 (48.4%)
[Thu Sep 19 16:05:01 2024] Enqueueing pair 32/64 (50.0%)
[Thu Sep 19 16:05:01 2024] Enqueueing pair 33/64 (51.5%)
[Thu Sep 19 16:05:01 2024] Enqueueing pair 34/64 (53.1%)
[Thu Sep 19 16:05:01 2024] Enqueueing pair 35/64 (54.6%)
[Thu Sep 19 16:05:01 2024] Enqueueing pair 36/64 (56.2%)
[Thu Sep 19 16:05:01 2024] Enqueueing pair 37/64 (57.8%)
[Thu Sep 19 16:05:01 2024] Enqueueing pair 38/64 (59.3%)
[Thu Sep 19 16:05:01 2024] Enqueueing pair 39/64 (60.9%)
[Thu Sep 19 16:05:01 2024] Enqueueing pair 40/64 (62.5%)
[Thu Sep 19 16:05:01 2024] Enqueueing pair 41/64 (64.0%)
[Thu Sep 19 16:05:01 2024] Enqueueing pair 42/64 (65.6%)
[Thu Sep 19 16:05:01 2024] Enqueueing pair 43/64 (67.1%)
[Thu Sep 19 16:05:01 2024] Enqueueing pair 44/64 (68.7%)
[Thu Sep 19 16:05:01 2024] Enqueueing pair 45/64 (70.3%)
[Thu Sep 19 16:05:01 2024] Enqueueing pair 46/64 (71.8%)
[Thu Sep 19 16:05:01 2024] Enqueueing pair 47/64 (73.4%)
[Thu Sep 19 16:05:01 2024] Enqueueing pair 48/64 (75.0%)
[Thu Sep 19 16:05:01 2024] Enqueueing pair 49/64 (76.5%)
[Thu Sep 19 16:05:01 2024] Enqueueing pair 50/64 (78.1%)
[Thu Sep 19 16:05:01 2024] Enqueueing pair 51/64 (79.6%)
[Thu Sep 19 16:05:01 2024] Enqueueing pair 52/64 (81.2%)
[Thu Sep 19 16:05:01 2024] Enqueueing pair 53/64 (82.8%)
[Thu Sep 19 16:05:01 2024] Enqueueing pair 54/64 (84.3%)
[Thu Sep 19 16:05:01 2024] Enqueueing pair 55/64 (85.9%)
[Thu Sep 19 16:05:01 2024] Enqueueing pair 56/64 (87.5%)
[Thu Sep 19 16:05:01 2024] Enqueueing pair 57/64 (89.0%)
[Thu Sep 19 16:05:01 2024] Enqueueing pair 58/64 (90.6%)
[Thu Sep 19 16:05:01 2024] Enqueueing pair 59/64 (92.1%)
[Thu Sep 19 16:05:01 2024] Enqueueing pair 60/64 (93.7%)
[Thu Sep 19 16:05:01 2024] Enqueueing pair 61/64 (95.3%)
[Thu Sep 19 16:05:01 2024] Enqueueing pair 62/64 (96.8%)
[Thu Sep 19 16:05:01 2024] Enqueueing pair 63/64 (98.4%)
[Thu Sep 19 16:05:05 2024] 64/64 (100%) pairs aligned
[Thu Sep 19 16:05:05 2024] Alignment of pairs finished
[Thu Sep 19 16:05:05 2024] Translating coordinates from local pair level to contig level
[Thu Sep 19 16:05:05 2024] Finished spliced alignment
[Thu Sep 19 16:05:05 2024] Flagging top chains
[Thu Sep 19 16:05:05 2024] Processing the output
[Thu Sep 19 16:05:05 2024] Output processed
[Thu Sep 19 16:05:05 2024] ProtHint finished.
19-Sep-24 16:05:05 - INFO: Removing ProtHint-conflicting prediction in the unsupported gene set.
19-Sep-24 16:05:05 - INFO: Deleting temporary files.
19-Sep-24 16:05:05 - INFO: GMST filtering and classification finished.
