ProtHint Version 2.6.0
Copyright 2019, Georgia Institute of Technology, USA

Please cite
  - ProtHint: https://doi.org/10.1093/nargab/lqaa026
  - DIAMOND:  https://doi.org/10.1038/nmeth.3176
  - Spaln:    https://doi.org/10.1093/bioinformatics/btn460

Called from: /workspace/BRAKER3/GeneMark-ETP/rnaseq/hints/proteins.fa/prothint
Cmd: /opt/ETP/bin/gmes/ProtHint/bin/prothint.py --geneSeeds /workspace/BRAKER3/GeneMark-ETP/rnaseq/gmst/genome_gmst.gtf /workspace/BRAKER3/GeneMark-ETP/data/genome.fasta /workspace/BRAKER3/GeneMark-ETP/data/proteins.fa --longGene 30000000 --longProtein 15000000

[Thu Sep 19 16:03:51 2024] Pre-processing protein input
[Thu Sep 19 16:03:51 2024] Skipping GeneMark-ES, using the supplied gene seeds file instead
[Thu Sep 19 16:03:51 2024] Translating gene seeds to proteins
[Thu Sep 19 16:03:52 2024] Translation of seeds finished
[Thu Sep 19 16:03:52 2024] Running DIAMOND
diamond v0.9.24.125 | by Benjamin Buchfink <buchfink@gmail.com>
Licensed under the GNU GPL <https://www.gnu.org/licenses/gpl.txt>
Check http://github.com/bbuchfink/diamond for updates.

#CPU threads: 16
Scoring parameters: (Matrix=BLOSUM62 Lambda=0.267 K=0.041 Penalties=11/1)
Database file: /workspace/BRAKER3/GeneMark-ETP/rnaseq/hints/proteins.fa/prothint/prot5f1gdntg
Opening the database file...  [0.000164s]
Loading sequences...  [0.010547s]
Masking sequences...  [0.123547s]
Writing sequences...  [0.004602s]
Hashing sequences...  [0.000765s]
Loading sequences...  [1.5e-05s]
Writing trailer...  [8.6e-05s]
Closing the input file...  [2.6e-05s]
Closing the database file...  [3.4e-05s]
Database hash = e1048f69f134493ac567793c01fff94c
Processed 5733 sequences, 2599346 letters.
Total time = 0.14001s
diamond v0.9.24.125 | by Benjamin Buchfink <buchfink@gmail.com>
Licensed under the GNU GPL <https://www.gnu.org/licenses/gpl.txt>
Check http://github.com/bbuchfink/diamond for updates.

#CPU threads: 16
Scoring parameters: (Matrix=BLOSUM62 Lambda=0.267 K=0.041 Penalties=11/1)
Temporary directory: 
Opening the database...  [7.1e-05s]
#Target sequences to report alignments for: 25
Opening the input file...  [2.5e-05s]
Opening the output file...  [3.2e-05s]
Loading query sequences...  [0.000342s]
Masking queries...  [0.002299s]
Building query seed set...  [0.00132s]
Algorithm: Double-indexed
Building query histograms...  [0.00099s]
Allocating buffers...  [9.3e-05s]
Loading reference sequences...  [0.003899s]
Building reference histograms...  [0.005138s]
Allocating buffers...  [6.9e-05s]
Initializing temporary storage...  [0.008707s]
Processing query chunk 0, reference chunk 0, shape 0, index chunk 0.
Building reference index...  [0.009379s]
Building query index...  [0.00186s]
Building seed filter...  [0.00166s]
Searching alignments...  [0.045899s]
Processing query chunk 0, reference chunk 0, shape 0, index chunk 1.
Building reference index...  [0.007213s]
Building query index...  [0.001676s]
Building seed filter...  [0.001774s]
Searching alignments...  [0.004794s]
Processing query chunk 0, reference chunk 0, shape 0, index chunk 2.
Building reference index...  [0.008848s]
Building query index...  [0.001528s]
Building seed filter...  [0.001758s]
Searching alignments...  [0.004058s]
Processing query chunk 0, reference chunk 0, shape 0, index chunk 3.
Building reference index...  [0.070195s]
Building query index...  [0.001744s]
Building seed filter...  [0.001646s]
Searching alignments...  [0.004037s]
Processing query chunk 0, reference chunk 0, shape 1, index chunk 0.
Building reference index...  [0.00636s]
Building query index...  [0.001725s]
Building seed filter...  [0.001814s]
Searching alignments...  [0.003988s]
Processing query chunk 0, reference chunk 0, shape 1, index chunk 1.
Building reference index...  [0.006947s]
Building query index...  [0.001903s]
Building seed filter...  [0.001795s]
Searching alignments...  [0.065092s]
Processing query chunk 0, reference chunk 0, shape 1, index chunk 2.
Building reference index...  [0.006995s]
Building query index...  [0.001846s]
Building seed filter...  [0.00171s]
Searching alignments...  [0.003745s]
Processing query chunk 0, reference chunk 0, shape 1, index chunk 3.
Building reference index...  [0.007795s]
Building query index...  [0.001618s]
Building seed filter...  [0.001569s]
Searching alignments...  [0.003659s]
Deallocating buffers...  [0.000486s]
Computing alignments...  [0.188766s]
Deallocating reference...  [0.000266s]
Loading reference sequences...  [1.7e-05s]
Deallocating buffers...  [7e-06s]
Deallocating queries...  [2.9e-05s]
Loading query sequences...  [1.5e-05s]
Closing the input file...  [2.1e-05s]
Closing the output file...  [3.4e-05s]
Closing the database file...  [1.6e-05s]
Deallocating taxonomy...  [6e-06s]
Total time = 0.501345s
Reported 4608 pairwise alignments, 4608 HSPs.
191 queries aligned.
[Thu Sep 19 16:03:52 2024] DIAMOND finished
[Thu Sep 19 16:03:52 2024] Preparing pairs for alignments
[Thu Sep 19 16:03:52 2024] Preparation of pairs finished
[Thu Sep 19 16:03:53 2024] Starting spliced alignment with spaln
[Thu Sep 19 16:03:53 2024] Loading alignment pairs into memory
[Thu Sep 19 16:03:53 2024] Pairs loaded. Number of pairs to align: 4608
[Thu Sep 19 16:03:53 2024] Starting the alignments
[Thu Sep 19 16:03:53 2024] Enqueueing pair 0/4608 (0.0%)
[Thu Sep 19 16:03:53 2024] Enqueueing pair 5/4608 (0.1%)
[Thu Sep 19 16:03:53 2024] Enqueueing pair 10/4608 (0.2%)
[Thu Sep 19 16:03:53 2024] Enqueueing pair 14/4608 (0.3%)
[Thu Sep 19 16:03:53 2024] Enqueueing pair 19/4608 (0.4%)
[Thu Sep 19 16:03:53 2024] Enqueueing pair 24/4608 (0.5%)
[Thu Sep 19 16:03:53 2024] Enqueueing pair 28/4608 (0.6%)
[Thu Sep 19 16:03:53 2024] Enqueueing pair 33/4608 (0.7%)
[Thu Sep 19 16:03:53 2024] Enqueueing pair 37/4608 (0.8%)
[Thu Sep 19 16:03:53 2024] Enqueueing pair 42/4608 (0.9%)
[Thu Sep 19 16:03:53 2024] Enqueueing pair 47/4608 (1.0%)
[Thu Sep 19 16:03:53 2024] Enqueueing pair 51/4608 (1.1%)
[Thu Sep 19 16:03:53 2024] Enqueueing pair 56/4608 (1.2%)
[Thu Sep 19 16:03:53 2024] Enqueueing pair 60/4608 (1.3%)
[Thu Sep 19 16:03:53 2024] Enqueueing pair 65/4608 (1.4%)
[Thu Sep 19 16:03:53 2024] Enqueueing pair 70/4608 (1.5%)
[Thu Sep 19 16:03:53 2024] Enqueueing pair 74/4608 (1.6%)
[Thu Sep 19 16:03:53 2024] Enqueueing pair 79/4608 (1.7%)
[Thu Sep 19 16:03:53 2024] Enqueueing pair 83/4608 (1.8%)
[Thu Sep 19 16:03:53 2024] Enqueueing pair 88/4608 (1.9%)
[Thu Sep 19 16:03:53 2024] Enqueueing pair 93/4608 (2.0%)
[Thu Sep 19 16:03:53 2024] Enqueueing pair 97/4608 (2.1%)
[Thu Sep 19 16:03:53 2024] Enqueueing pair 102/4608 (2.2%)
[Thu Sep 19 16:03:53 2024] Enqueueing pair 106/4608 (2.3%)
[Thu Sep 19 16:03:53 2024] Enqueueing pair 111/4608 (2.4%)
[Thu Sep 19 16:03:53 2024] Enqueueing pair 116/4608 (2.5%)
[Thu Sep 19 16:03:53 2024] Enqueueing pair 120/4608 (2.6%)
[Thu Sep 19 16:03:53 2024] Enqueueing pair 125/4608 (2.7%)
[Thu Sep 19 16:03:53 2024] Enqueueing pair 130/4608 (2.8%)
[Thu Sep 19 16:03:53 2024] Enqueueing pair 134/4608 (2.9%)
[Thu Sep 19 16:03:53 2024] Enqueueing pair 139/4608 (3.0%)
[Thu Sep 19 16:03:53 2024] Enqueueing pair 143/4608 (3.1%)
[Thu Sep 19 16:03:53 2024] Enqueueing pair 148/4608 (3.2%)
[Thu Sep 19 16:03:53 2024] Enqueueing pair 153/4608 (3.3%)
[Thu Sep 19 16:03:53 2024] Enqueueing pair 157/4608 (3.4%)
[Thu Sep 19 16:03:53 2024] Enqueueing pair 162/4608 (3.5%)
[Thu Sep 19 16:03:53 2024] Enqueueing pair 166/4608 (3.6%)
[Thu Sep 19 16:03:53 2024] Enqueueing pair 171/4608 (3.7%)
[Thu Sep 19 16:03:53 2024] Enqueueing pair 176/4608 (3.8%)
[Thu Sep 19 16:03:53 2024] Enqueueing pair 180/4608 (3.9%)
[Thu Sep 19 16:03:53 2024] Enqueueing pair 185/4608 (4.0%)
[Thu Sep 19 16:03:53 2024] Enqueueing pair 189/4608 (4.1%)
[Thu Sep 19 16:03:53 2024] Enqueueing pair 194/4608 (4.2%)
[Thu Sep 19 16:03:53 2024] Enqueueing pair 199/4608 (4.3%)
[Thu Sep 19 16:03:53 2024] Enqueueing pair 203/4608 (4.4%)
[Thu Sep 19 16:03:53 2024] Enqueueing pair 208/4608 (4.5%)
[Thu Sep 19 16:03:53 2024] Enqueueing pair 212/4608 (4.6%)
[Thu Sep 19 16:03:53 2024] Enqueueing pair 217/4608 (4.7%)
[Thu Sep 19 16:03:53 2024] Enqueueing pair 222/4608 (4.8%)
[Thu Sep 19 16:03:53 2024] Enqueueing pair 226/4608 (4.9%)
[Thu Sep 19 16:03:53 2024] Enqueueing pair 231/4608 (5.0%)
[Thu Sep 19 16:03:53 2024] Enqueueing pair 236/4608 (5.1%)
[Thu Sep 19 16:03:53 2024] Enqueueing pair 240/4608 (5.2%)
[Thu Sep 19 16:03:53 2024] Enqueueing pair 245/4608 (5.3%)
[Thu Sep 19 16:03:53 2024] Enqueueing pair 249/4608 (5.4%)
[Thu Sep 19 16:03:53 2024] Enqueueing pair 254/4608 (5.5%)
[Thu Sep 19 16:03:53 2024] Enqueueing pair 259/4608 (5.6%)
[Thu Sep 19 16:03:53 2024] Enqueueing pair 263/4608 (5.7%)
[Thu Sep 19 16:03:53 2024] Enqueueing pair 268/4608 (5.8%)
[Thu Sep 19 16:03:53 2024] Enqueueing pair 272/4608 (5.9%)
[Thu Sep 19 16:03:53 2024] Enqueueing pair 277/4608 (6.0%)
[Thu Sep 19 16:03:53 2024] Enqueueing pair 282/4608 (6.1%)
[Thu Sep 19 16:03:53 2024] Enqueueing pair 286/4608 (6.2%)
[Thu Sep 19 16:03:53 2024] Enqueueing pair 291/4608 (6.3%)
[Thu Sep 19 16:03:53 2024] Enqueueing pair 295/4608 (6.4%)
[Thu Sep 19 16:03:53 2024] Enqueueing pair 300/4608 (6.5%)
[Thu Sep 19 16:03:53 2024] Enqueueing pair 305/4608 (6.6%)
[Thu Sep 19 16:03:53 2024] Enqueueing pair 309/4608 (6.7%)
[Thu Sep 19 16:03:53 2024] Enqueueing pair 314/4608 (6.8%)
[Thu Sep 19 16:03:53 2024] Enqueueing pair 318/4608 (6.9%)
[Thu Sep 19 16:03:53 2024] Enqueueing pair 323/4608 (7.0%)
[Thu Sep 19 16:03:53 2024] Enqueueing pair 328/4608 (7.1%)
[Thu Sep 19 16:03:53 2024] Enqueueing pair 332/4608 (7.2%)
[Thu Sep 19 16:03:53 2024] Enqueueing pair 337/4608 (7.3%)
[Thu Sep 19 16:03:53 2024] Enqueueing pair 341/4608 (7.4%)
[Thu Sep 19 16:03:53 2024] Enqueueing pair 346/4608 (7.5%)
[Thu Sep 19 16:03:53 2024] Enqueueing pair 351/4608 (7.6%)
[Thu Sep 19 16:03:53 2024] Enqueueing pair 355/4608 (7.7%)
[Thu Sep 19 16:03:53 2024] Enqueueing pair 360/4608 (7.8%)
[Thu Sep 19 16:03:53 2024] Enqueueing pair 365/4608 (7.9%)
[Thu Sep 19 16:03:53 2024] Enqueueing pair 369/4608 (8.0%)
[Thu Sep 19 16:03:53 2024] Enqueueing pair 374/4608 (8.1%)
[Thu Sep 19 16:03:53 2024] Enqueueing pair 378/4608 (8.2%)
[Thu Sep 19 16:03:53 2024] Enqueueing pair 383/4608 (8.3%)
[Thu Sep 19 16:03:53 2024] Enqueueing pair 388/4608 (8.4%)
[Thu Sep 19 16:03:53 2024] Enqueueing pair 392/4608 (8.5%)
[Thu Sep 19 16:03:53 2024] Enqueueing pair 397/4608 (8.6%)
[Thu Sep 19 16:03:53 2024] Enqueueing pair 401/4608 (8.7%)
[Thu Sep 19 16:03:53 2024] Enqueueing pair 406/4608 (8.8%)
[Thu Sep 19 16:03:53 2024] Enqueueing pair 411/4608 (8.9%)
[Thu Sep 19 16:03:53 2024] Enqueueing pair 415/4608 (9.0%)
[Thu Sep 19 16:03:53 2024] Enqueueing pair 420/4608 (9.1%)
[Thu Sep 19 16:03:53 2024] Enqueueing pair 424/4608 (9.2%)
[Thu Sep 19 16:03:53 2024] Enqueueing pair 429/4608 (9.3%)
[Thu Sep 19 16:03:53 2024] Enqueueing pair 434/4608 (9.4%)
[Thu Sep 19 16:03:53 2024] Enqueueing pair 438/4608 (9.5%)
[Thu Sep 19 16:03:53 2024] Enqueueing pair 443/4608 (9.6%)
[Thu Sep 19 16:03:53 2024] Enqueueing pair 447/4608 (9.7%)
[Thu Sep 19 16:03:53 2024] Enqueueing pair 452/4608 (9.8%)
[Thu Sep 19 16:03:53 2024] Enqueueing pair 457/4608 (9.9%)
[Thu Sep 19 16:03:53 2024] Enqueueing pair 461/4608 (10.0%)
[Thu Sep 19 16:03:53 2024] Enqueueing pair 466/4608 (10.1%)
[Thu Sep 19 16:03:53 2024] Enqueueing pair 471/4608 (10.2%)
[Thu Sep 19 16:03:53 2024] Enqueueing pair 475/4608 (10.3%)
[Thu Sep 19 16:03:53 2024] Enqueueing pair 480/4608 (10.4%)
[Thu Sep 19 16:03:53 2024] Enqueueing pair 484/4608 (10.5%)
[Thu Sep 19 16:03:53 2024] Enqueueing pair 489/4608 (10.6%)
[Thu Sep 19 16:03:53 2024] Enqueueing pair 494/4608 (10.7%)
[Thu Sep 19 16:03:53 2024] Enqueueing pair 498/4608 (10.8%)
[Thu Sep 19 16:03:53 2024] Enqueueing pair 503/4608 (10.9%)
[Thu Sep 19 16:03:53 2024] Enqueueing pair 507/4608 (11.0%)
[Thu Sep 19 16:03:53 2024] Enqueueing pair 512/4608 (11.1%)
[Thu Sep 19 16:03:53 2024] Enqueueing pair 517/4608 (11.2%)
[Thu Sep 19 16:03:53 2024] Enqueueing pair 521/4608 (11.3%)
[Thu Sep 19 16:03:53 2024] Enqueueing pair 526/4608 (11.4%)
[Thu Sep 19 16:03:53 2024] Enqueueing pair 530/4608 (11.5%)
[Thu Sep 19 16:03:53 2024] Enqueueing pair 535/4608 (11.6%)
[Thu Sep 19 16:03:53 2024] Enqueueing pair 540/4608 (11.7%)
[Thu Sep 19 16:03:53 2024] Enqueueing pair 544/4608 (11.8%)
[Thu Sep 19 16:03:53 2024] Enqueueing pair 549/4608 (11.9%)
[Thu Sep 19 16:03:53 2024] Enqueueing pair 553/4608 (12.0%)
[Thu Sep 19 16:03:53 2024] Enqueueing pair 558/4608 (12.1%)
[Thu Sep 19 16:03:53 2024] Enqueueing pair 563/4608 (12.2%)
[Thu Sep 19 16:03:53 2024] Enqueueing pair 567/4608 (12.3%)
[Thu Sep 19 16:03:53 2024] Enqueueing pair 572/4608 (12.4%)
[Thu Sep 19 16:03:53 2024] Enqueueing pair 576/4608 (12.5%)
[Thu Sep 19 16:03:53 2024] Enqueueing pair 581/4608 (12.6%)
[Thu Sep 19 16:03:53 2024] Enqueueing pair 586/4608 (12.7%)
[Thu Sep 19 16:03:53 2024] Enqueueing pair 590/4608 (12.8%)
[Thu Sep 19 16:03:53 2024] Enqueueing pair 595/4608 (12.9%)
[Thu Sep 19 16:03:53 2024] Enqueueing pair 600/4608 (13.0%)
[Thu Sep 19 16:03:53 2024] Enqueueing pair 604/4608 (13.1%)
[Thu Sep 19 16:03:53 2024] Enqueueing pair 609/4608 (13.2%)
[Thu Sep 19 16:03:53 2024] Enqueueing pair 613/4608 (13.3%)
[Thu Sep 19 16:03:53 2024] Enqueueing pair 618/4608 (13.4%)
[Thu Sep 19 16:03:53 2024] Enqueueing pair 623/4608 (13.5%)
[Thu Sep 19 16:03:53 2024] Enqueueing pair 627/4608 (13.6%)
[Thu Sep 19 16:03:53 2024] Enqueueing pair 632/4608 (13.7%)
[Thu Sep 19 16:03:53 2024] Enqueueing pair 636/4608 (13.8%)
[Thu Sep 19 16:03:53 2024] Enqueueing pair 641/4608 (13.9%)
[Thu Sep 19 16:03:53 2024] Enqueueing pair 646/4608 (14.0%)
[Thu Sep 19 16:03:53 2024] Enqueueing pair 650/4608 (14.1%)
[Thu Sep 19 16:03:53 2024] Enqueueing pair 655/4608 (14.2%)
[Thu Sep 19 16:03:53 2024] Enqueueing pair 659/4608 (14.3%)
[Thu Sep 19 16:03:53 2024] Enqueueing pair 664/4608 (14.4%)
[Thu Sep 19 16:03:53 2024] Enqueueing pair 669/4608 (14.5%)
[Thu Sep 19 16:03:53 2024] Enqueueing pair 673/4608 (14.6%)
[Thu Sep 19 16:03:53 2024] Enqueueing pair 678/4608 (14.7%)
[Thu Sep 19 16:03:53 2024] Enqueueing pair 682/4608 (14.8%)
[Thu Sep 19 16:03:53 2024] Enqueueing pair 687/4608 (14.9%)
[Thu Sep 19 16:03:53 2024] Enqueueing pair 692/4608 (15.0%)
[Thu Sep 19 16:03:53 2024] Enqueueing pair 696/4608 (15.1%)
[Thu Sep 19 16:03:53 2024] Enqueueing pair 701/4608 (15.2%)
[Thu Sep 19 16:03:53 2024] Enqueueing pair 706/4608 (15.3%)
[Thu Sep 19 16:03:53 2024] Enqueueing pair 710/4608 (15.4%)
[Thu Sep 19 16:03:53 2024] Enqueueing pair 715/4608 (15.5%)
[Thu Sep 19 16:03:53 2024] Enqueueing pair 719/4608 (15.6%)
[Thu Sep 19 16:03:53 2024] Enqueueing pair 724/4608 (15.7%)
[Thu Sep 19 16:03:53 2024] Enqueueing pair 729/4608 (15.8%)
[Thu Sep 19 16:03:53 2024] Enqueueing pair 733/4608 (15.9%)
[Thu Sep 19 16:03:53 2024] Enqueueing pair 738/4608 (16.0%)
[Thu Sep 19 16:03:53 2024] Enqueueing pair 742/4608 (16.1%)
[Thu Sep 19 16:03:53 2024] Enqueueing pair 747/4608 (16.2%)
[Thu Sep 19 16:03:53 2024] Enqueueing pair 752/4608 (16.3%)
[Thu Sep 19 16:03:53 2024] Enqueueing pair 756/4608 (16.4%)
[Thu Sep 19 16:03:53 2024] Enqueueing pair 761/4608 (16.5%)
[Thu Sep 19 16:03:53 2024] Enqueueing pair 765/4608 (16.6%)
[Thu Sep 19 16:03:53 2024] Enqueueing pair 770/4608 (16.7%)
[Thu Sep 19 16:03:53 2024] Enqueueing pair 775/4608 (16.8%)
[Thu Sep 19 16:03:53 2024] Enqueueing pair 779/4608 (16.9%)
[Thu Sep 19 16:03:53 2024] Enqueueing pair 784/4608 (17.0%)
[Thu Sep 19 16:03:53 2024] Enqueueing pair 788/4608 (17.1%)
[Thu Sep 19 16:03:53 2024] Enqueueing pair 793/4608 (17.2%)
[Thu Sep 19 16:03:53 2024] Enqueueing pair 798/4608 (17.3%)
[Thu Sep 19 16:03:53 2024] Enqueueing pair 802/4608 (17.4%)
[Thu Sep 19 16:03:53 2024] Enqueueing pair 807/4608 (17.5%)
[Thu Sep 19 16:03:53 2024] Enqueueing pair 812/4608 (17.6%)
[Thu Sep 19 16:03:53 2024] Enqueueing pair 816/4608 (17.7%)
[Thu Sep 19 16:03:53 2024] Enqueueing pair 821/4608 (17.8%)
[Thu Sep 19 16:03:53 2024] Enqueueing pair 825/4608 (17.9%)
[Thu Sep 19 16:03:53 2024] Enqueueing pair 830/4608 (18.0%)
[Thu Sep 19 16:03:53 2024] Enqueueing pair 835/4608 (18.1%)
[Thu Sep 19 16:03:53 2024] Enqueueing pair 839/4608 (18.2%)
[Thu Sep 19 16:03:53 2024] Enqueueing pair 844/4608 (18.3%)
[Thu Sep 19 16:03:53 2024] Enqueueing pair 848/4608 (18.4%)
[Thu Sep 19 16:03:53 2024] Enqueueing pair 853/4608 (18.5%)
[Thu Sep 19 16:03:53 2024] Enqueueing pair 858/4608 (18.6%)
[Thu Sep 19 16:03:53 2024] Enqueueing pair 862/4608 (18.7%)
[Thu Sep 19 16:03:53 2024] Enqueueing pair 867/4608 (18.8%)
[Thu Sep 19 16:03:53 2024] Enqueueing pair 871/4608 (18.9%)
[Thu Sep 19 16:03:53 2024] Enqueueing pair 876/4608 (19.0%)
[Thu Sep 19 16:03:53 2024] Enqueueing pair 881/4608 (19.1%)
[Thu Sep 19 16:03:53 2024] Enqueueing pair 885/4608 (19.2%)
[Thu Sep 19 16:03:53 2024] Enqueueing pair 890/4608 (19.3%)
[Thu Sep 19 16:03:53 2024] Enqueueing pair 894/4608 (19.4%)
[Thu Sep 19 16:03:53 2024] Enqueueing pair 899/4608 (19.5%)
[Thu Sep 19 16:03:53 2024] Enqueueing pair 904/4608 (19.6%)
[Thu Sep 19 16:03:53 2024] Enqueueing pair 908/4608 (19.7%)
[Thu Sep 19 16:03:53 2024] Enqueueing pair 913/4608 (19.8%)
[Thu Sep 19 16:03:53 2024] Enqueueing pair 917/4608 (19.9%)
[Thu Sep 19 16:03:53 2024] Enqueueing pair 922/4608 (20.0%)
[Thu Sep 19 16:03:53 2024] Enqueueing pair 927/4608 (20.1%)
[Thu Sep 19 16:03:53 2024] Enqueueing pair 931/4608 (20.2%)
[Thu Sep 19 16:03:53 2024] Enqueueing pair 936/4608 (20.3%)
[Thu Sep 19 16:03:53 2024] Enqueueing pair 941/4608 (20.4%)
[Thu Sep 19 16:03:53 2024] Enqueueing pair 945/4608 (20.5%)
[Thu Sep 19 16:03:53 2024] Enqueueing pair 950/4608 (20.6%)
[Thu Sep 19 16:03:53 2024] Enqueueing pair 954/4608 (20.7%)
[Thu Sep 19 16:03:53 2024] Enqueueing pair 959/4608 (20.8%)
[Thu Sep 19 16:03:53 2024] Enqueueing pair 964/4608 (20.9%)
[Thu Sep 19 16:03:53 2024] Enqueueing pair 968/4608 (21.0%)
[Thu Sep 19 16:03:53 2024] Enqueueing pair 973/4608 (21.1%)
[Thu Sep 19 16:03:53 2024] Enqueueing pair 977/4608 (21.2%)
[Thu Sep 19 16:03:53 2024] Enqueueing pair 982/4608 (21.3%)
[Thu Sep 19 16:03:53 2024] Enqueueing pair 987/4608 (21.4%)
[Thu Sep 19 16:03:53 2024] Enqueueing pair 991/4608 (21.5%)
[Thu Sep 19 16:03:53 2024] Enqueueing pair 996/4608 (21.6%)
[Thu Sep 19 16:03:53 2024] Enqueueing pair 1000/4608 (21.7%)
[Thu Sep 19 16:03:53 2024] Enqueueing pair 1005/4608 (21.8%)
[Thu Sep 19 16:03:53 2024] Enqueueing pair 1010/4608 (21.9%)
[Thu Sep 19 16:03:53 2024] Enqueueing pair 1014/4608 (22.0%)
[Thu Sep 19 16:03:53 2024] Enqueueing pair 1019/4608 (22.1%)
[Thu Sep 19 16:03:53 2024] Enqueueing pair 1023/4608 (22.2%)
[Thu Sep 19 16:03:53 2024] Enqueueing pair 1028/4608 (22.3%)
[Thu Sep 19 16:03:53 2024] Enqueueing pair 1033/4608 (22.4%)
[Thu Sep 19 16:03:53 2024] Enqueueing pair 1037/4608 (22.5%)
[Thu Sep 19 16:03:53 2024] Enqueueing pair 1042/4608 (22.6%)
[Thu Sep 19 16:03:53 2024] Enqueueing pair 1047/4608 (22.7%)
[Thu Sep 19 16:03:53 2024] Enqueueing pair 1051/4608 (22.8%)
[Thu Sep 19 16:03:53 2024] Enqueueing pair 1056/4608 (22.9%)
[Thu Sep 19 16:03:53 2024] Enqueueing pair 1060/4608 (23.0%)
[Thu Sep 19 16:03:53 2024] Enqueueing pair 1065/4608 (23.1%)
[Thu Sep 19 16:03:53 2024] Enqueueing pair 1070/4608 (23.2%)
[Thu Sep 19 16:03:53 2024] Enqueueing pair 1074/4608 (23.3%)
[Thu Sep 19 16:03:53 2024] Enqueueing pair 1079/4608 (23.4%)
[Thu Sep 19 16:03:53 2024] Enqueueing pair 1083/4608 (23.5%)
[Thu Sep 19 16:03:53 2024] Enqueueing pair 1088/4608 (23.6%)
[Thu Sep 19 16:03:53 2024] Enqueueing pair 1093/4608 (23.7%)
[Thu Sep 19 16:03:53 2024] Enqueueing pair 1097/4608 (23.8%)
[Thu Sep 19 16:03:53 2024] Enqueueing pair 1102/4608 (23.9%)
[Thu Sep 19 16:03:53 2024] Enqueueing pair 1106/4608 (24.0%)
[Thu Sep 19 16:03:53 2024] Enqueueing pair 1111/4608 (24.1%)
[Thu Sep 19 16:03:53 2024] Enqueueing pair 1116/4608 (24.2%)
[Thu Sep 19 16:03:53 2024] Enqueueing pair 1120/4608 (24.3%)
[Thu Sep 19 16:03:53 2024] Enqueueing pair 1125/4608 (24.4%)
[Thu Sep 19 16:03:53 2024] Enqueueing pair 1129/4608 (24.5%)
[Thu Sep 19 16:03:53 2024] Enqueueing pair 1134/4608 (24.6%)
[Thu Sep 19 16:03:53 2024] Enqueueing pair 1139/4608 (24.7%)
[Thu Sep 19 16:03:53 2024] Enqueueing pair 1143/4608 (24.8%)
[Thu Sep 19 16:03:53 2024] Enqueueing pair 1148/4608 (24.9%)
[Thu Sep 19 16:03:53 2024] Enqueueing pair 1152/4608 (25.0%)
[Thu Sep 19 16:03:53 2024] Enqueueing pair 1157/4608 (25.1%)
[Thu Sep 19 16:03:53 2024] Enqueueing pair 1162/4608 (25.2%)
[Thu Sep 19 16:03:53 2024] Enqueueing pair 1166/4608 (25.3%)
[Thu Sep 19 16:03:53 2024] Enqueueing pair 1171/4608 (25.4%)
[Thu Sep 19 16:03:53 2024] Enqueueing pair 1176/4608 (25.5%)
[Thu Sep 19 16:03:53 2024] Enqueueing pair 1180/4608 (25.6%)
[Thu Sep 19 16:03:53 2024] Enqueueing pair 1185/4608 (25.7%)
[Thu Sep 19 16:03:53 2024] Enqueueing pair 1189/4608 (25.8%)
[Thu Sep 19 16:03:53 2024] Enqueueing pair 1194/4608 (25.9%)
[Thu Sep 19 16:03:53 2024] Enqueueing pair 1199/4608 (26.0%)
[Thu Sep 19 16:03:53 2024] Enqueueing pair 1203/4608 (26.1%)
[Thu Sep 19 16:03:53 2024] Enqueueing pair 1208/4608 (26.2%)
[Thu Sep 19 16:03:53 2024] Enqueueing pair 1212/4608 (26.3%)
[Thu Sep 19 16:03:53 2024] Enqueueing pair 1217/4608 (26.4%)
[Thu Sep 19 16:03:53 2024] Enqueueing pair 1222/4608 (26.5%)
[Thu Sep 19 16:03:53 2024] Enqueueing pair 1226/4608 (26.6%)
[Thu Sep 19 16:03:53 2024] Enqueueing pair 1231/4608 (26.7%)
[Thu Sep 19 16:03:53 2024] Enqueueing pair 1235/4608 (26.8%)
[Thu Sep 19 16:03:53 2024] Enqueueing pair 1240/4608 (26.9%)
[Thu Sep 19 16:03:53 2024] Enqueueing pair 1245/4608 (27.0%)
[Thu Sep 19 16:03:53 2024] Enqueueing pair 1249/4608 (27.1%)
[Thu Sep 19 16:03:53 2024] Enqueueing pair 1254/4608 (27.2%)
[Thu Sep 19 16:03:53 2024] Enqueueing pair 1258/4608 (27.3%)
[Thu Sep 19 16:03:53 2024] Enqueueing pair 1263/4608 (27.4%)
[Thu Sep 19 16:03:53 2024] Enqueueing pair 1268/4608 (27.5%)
[Thu Sep 19 16:03:53 2024] Enqueueing pair 1272/4608 (27.6%)
[Thu Sep 19 16:03:53 2024] Enqueueing pair 1277/4608 (27.7%)
[Thu Sep 19 16:03:53 2024] Enqueueing pair 1282/4608 (27.8%)
[Thu Sep 19 16:03:53 2024] Enqueueing pair 1286/4608 (27.9%)
[Thu Sep 19 16:03:53 2024] Enqueueing pair 1291/4608 (28.0%)
[Thu Sep 19 16:03:53 2024] Enqueueing pair 1295/4608 (28.1%)
[Thu Sep 19 16:03:53 2024] Enqueueing pair 1300/4608 (28.2%)
[Thu Sep 19 16:03:53 2024] Enqueueing pair 1305/4608 (28.3%)
[Thu Sep 19 16:03:53 2024] Enqueueing pair 1309/4608 (28.4%)
[Thu Sep 19 16:03:53 2024] Enqueueing pair 1314/4608 (28.5%)
[Thu Sep 19 16:03:53 2024] Enqueueing pair 1318/4608 (28.6%)
[Thu Sep 19 16:03:53 2024] Enqueueing pair 1323/4608 (28.7%)
[Thu Sep 19 16:03:53 2024] Enqueueing pair 1328/4608 (28.8%)
[Thu Sep 19 16:03:53 2024] Enqueueing pair 1332/4608 (28.9%)
[Thu Sep 19 16:03:53 2024] Enqueueing pair 1337/4608 (29.0%)
[Thu Sep 19 16:03:53 2024] Enqueueing pair 1341/4608 (29.1%)
[Thu Sep 19 16:03:53 2024] Enqueueing pair 1346/4608 (29.2%)
[Thu Sep 19 16:03:53 2024] Enqueueing pair 1351/4608 (29.3%)
[Thu Sep 19 16:03:53 2024] Enqueueing pair 1355/4608 (29.4%)
[Thu Sep 19 16:03:53 2024] Enqueueing pair 1360/4608 (29.5%)
[Thu Sep 19 16:03:53 2024] Enqueueing pair 1364/4608 (29.6%)
[Thu Sep 19 16:03:53 2024] Enqueueing pair 1369/4608 (29.7%)
[Thu Sep 19 16:03:53 2024] Enqueueing pair 1374/4608 (29.8%)
[Thu Sep 19 16:03:53 2024] Enqueueing pair 1378/4608 (29.9%)
[Thu Sep 19 16:03:53 2024] Enqueueing pair 1383/4608 (30.0%)
[Thu Sep 19 16:03:53 2024] Enqueueing pair 1388/4608 (30.1%)
[Thu Sep 19 16:03:53 2024] Enqueueing pair 1392/4608 (30.2%)
[Thu Sep 19 16:03:53 2024] Enqueueing pair 1397/4608 (30.3%)
[Thu Sep 19 16:03:53 2024] Enqueueing pair 1401/4608 (30.4%)
[Thu Sep 19 16:03:53 2024] Enqueueing pair 1406/4608 (30.5%)
[Thu Sep 19 16:03:53 2024] Enqueueing pair 1411/4608 (30.6%)
[Thu Sep 19 16:03:53 2024] Enqueueing pair 1415/4608 (30.7%)
[Thu Sep 19 16:03:53 2024] Enqueueing pair 1420/4608 (30.8%)
[Thu Sep 19 16:03:53 2024] Enqueueing pair 1424/4608 (30.9%)
[Thu Sep 19 16:03:53 2024] Enqueueing pair 1429/4608 (31.0%)
[Thu Sep 19 16:03:53 2024] Enqueueing pair 1434/4608 (31.1%)
[Thu Sep 19 16:03:53 2024] Enqueueing pair 1438/4608 (31.2%)
[Thu Sep 19 16:03:53 2024] Enqueueing pair 1443/4608 (31.3%)
[Thu Sep 19 16:03:53 2024] Enqueueing pair 1447/4608 (31.4%)
[Thu Sep 19 16:03:53 2024] Enqueueing pair 1452/4608 (31.5%)
[Thu Sep 19 16:03:53 2024] Enqueueing pair 1457/4608 (31.6%)
[Thu Sep 19 16:03:53 2024] Enqueueing pair 1461/4608 (31.7%)
[Thu Sep 19 16:03:53 2024] Enqueueing pair 1466/4608 (31.8%)
[Thu Sep 19 16:03:53 2024] Enqueueing pair 1470/4608 (31.9%)
[Thu Sep 19 16:03:53 2024] Enqueueing pair 1475/4608 (32.0%)
[Thu Sep 19 16:03:53 2024] Enqueueing pair 1480/4608 (32.1%)
[Thu Sep 19 16:03:53 2024] Enqueueing pair 1484/4608 (32.2%)
[Thu Sep 19 16:03:53 2024] Enqueueing pair 1489/4608 (32.3%)
[Thu Sep 19 16:03:53 2024] Enqueueing pair 1493/4608 (32.4%)
[Thu Sep 19 16:03:53 2024] Enqueueing pair 1498/4608 (32.5%)
[Thu Sep 19 16:03:53 2024] Enqueueing pair 1503/4608 (32.6%)
[Thu Sep 19 16:03:53 2024] Enqueueing pair 1507/4608 (32.7%)
[Thu Sep 19 16:03:53 2024] Enqueueing pair 1512/4608 (32.8%)
[Thu Sep 19 16:03:53 2024] Enqueueing pair 1517/4608 (32.9%)
[Thu Sep 19 16:03:53 2024] Enqueueing pair 1521/4608 (33.0%)
[Thu Sep 19 16:03:53 2024] Enqueueing pair 1526/4608 (33.1%)
[Thu Sep 19 16:03:53 2024] Enqueueing pair 1530/4608 (33.2%)
[Thu Sep 19 16:03:53 2024] Enqueueing pair 1535/4608 (33.3%)
[Thu Sep 19 16:03:53 2024] Enqueueing pair 1540/4608 (33.4%)
[Thu Sep 19 16:03:53 2024] Enqueueing pair 1544/4608 (33.5%)
[Thu Sep 19 16:03:53 2024] Enqueueing pair 1549/4608 (33.6%)
[Thu Sep 19 16:03:53 2024] Enqueueing pair 1553/4608 (33.7%)
[Thu Sep 19 16:03:53 2024] Enqueueing pair 1558/4608 (33.8%)
[Thu Sep 19 16:03:53 2024] Enqueueing pair 1563/4608 (33.9%)
[Thu Sep 19 16:03:53 2024] Enqueueing pair 1567/4608 (34.0%)
[Thu Sep 19 16:03:53 2024] Enqueueing pair 1572/4608 (34.1%)
[Thu Sep 19 16:03:53 2024] Enqueueing pair 1576/4608 (34.2%)
[Thu Sep 19 16:03:53 2024] Enqueueing pair 1581/4608 (34.3%)
[Thu Sep 19 16:03:53 2024] Enqueueing pair 1586/4608 (34.4%)
[Thu Sep 19 16:03:53 2024] Enqueueing pair 1590/4608 (34.5%)
[Thu Sep 19 16:03:53 2024] Enqueueing pair 1595/4608 (34.6%)
[Thu Sep 19 16:03:53 2024] Enqueueing pair 1599/4608 (34.7%)
[Thu Sep 19 16:03:53 2024] Enqueueing pair 1604/4608 (34.8%)
[Thu Sep 19 16:03:53 2024] Enqueueing pair 1609/4608 (34.9%)
[Thu Sep 19 16:03:53 2024] Enqueueing pair 1613/4608 (35.0%)
[Thu Sep 19 16:03:53 2024] Enqueueing pair 1618/4608 (35.1%)
[Thu Sep 19 16:03:53 2024] Enqueueing pair 1623/4608 (35.2%)
[Thu Sep 19 16:03:53 2024] Enqueueing pair 1627/4608 (35.3%)
[Thu Sep 19 16:03:53 2024] Enqueueing pair 1632/4608 (35.4%)
[Thu Sep 19 16:03:53 2024] Enqueueing pair 1636/4608 (35.5%)
[Thu Sep 19 16:03:53 2024] Enqueueing pair 1641/4608 (35.6%)
[Thu Sep 19 16:03:53 2024] Enqueueing pair 1646/4608 (35.7%)
[Thu Sep 19 16:03:53 2024] Enqueueing pair 1650/4608 (35.8%)
[Thu Sep 19 16:03:53 2024] Enqueueing pair 1655/4608 (35.9%)
[Thu Sep 19 16:03:53 2024] Enqueueing pair 1659/4608 (36.0%)
[Thu Sep 19 16:03:53 2024] Enqueueing pair 1664/4608 (36.1%)
[Thu Sep 19 16:03:53 2024] Enqueueing pair 1669/4608 (36.2%)
[Thu Sep 19 16:03:53 2024] Enqueueing pair 1673/4608 (36.3%)
[Thu Sep 19 16:03:53 2024] Enqueueing pair 1678/4608 (36.4%)
[Thu Sep 19 16:03:53 2024] Enqueueing pair 1682/4608 (36.5%)
[Thu Sep 19 16:03:53 2024] Enqueueing pair 1687/4608 (36.6%)
[Thu Sep 19 16:03:53 2024] Enqueueing pair 1692/4608 (36.7%)
[Thu Sep 19 16:03:53 2024] Enqueueing pair 1696/4608 (36.8%)
[Thu Sep 19 16:03:53 2024] Enqueueing pair 1701/4608 (36.9%)
[Thu Sep 19 16:03:53 2024] Enqueueing pair 1705/4608 (37.0%)
[Thu Sep 19 16:03:53 2024] Enqueueing pair 1710/4608 (37.1%)
[Thu Sep 19 16:03:53 2024] Enqueueing pair 1715/4608 (37.2%)
[Thu Sep 19 16:03:53 2024] Enqueueing pair 1719/4608 (37.3%)
[Thu Sep 19 16:03:53 2024] Enqueueing pair 1724/4608 (37.4%)
[Thu Sep 19 16:03:53 2024] Enqueueing pair 1728/4608 (37.5%)
[Thu Sep 19 16:03:53 2024] Enqueueing pair 1733/4608 (37.6%)
[Thu Sep 19 16:03:53 2024] Enqueueing pair 1738/4608 (37.7%)
[Thu Sep 19 16:03:53 2024] Enqueueing pair 1742/4608 (37.8%)
[Thu Sep 19 16:03:53 2024] Enqueueing pair 1747/4608 (37.9%)
[Thu Sep 19 16:03:53 2024] Enqueueing pair 1752/4608 (38.0%)
[Thu Sep 19 16:03:53 2024] Enqueueing pair 1756/4608 (38.1%)
[Thu Sep 19 16:03:53 2024] Enqueueing pair 1761/4608 (38.2%)
[Thu Sep 19 16:03:53 2024] Enqueueing pair 1765/4608 (38.3%)
[Thu Sep 19 16:03:53 2024] Enqueueing pair 1770/4608 (38.4%)
[Thu Sep 19 16:03:53 2024] Enqueueing pair 1775/4608 (38.5%)
[Thu Sep 19 16:03:53 2024] Enqueueing pair 1779/4608 (38.6%)
[Thu Sep 19 16:03:53 2024] Enqueueing pair 1784/4608 (38.7%)
[Thu Sep 19 16:03:53 2024] Enqueueing pair 1788/4608 (38.8%)
[Thu Sep 19 16:03:53 2024] Enqueueing pair 1793/4608 (38.9%)
[Thu Sep 19 16:03:53 2024] Enqueueing pair 1798/4608 (39.0%)
[Thu Sep 19 16:03:53 2024] Enqueueing pair 1802/4608 (39.1%)
[Thu Sep 19 16:03:53 2024] Enqueueing pair 1807/4608 (39.2%)
[Thu Sep 19 16:03:53 2024] Enqueueing pair 1811/4608 (39.3%)
[Thu Sep 19 16:03:53 2024] Enqueueing pair 1816/4608 (39.4%)
[Thu Sep 19 16:03:53 2024] Enqueueing pair 1821/4608 (39.5%)
[Thu Sep 19 16:03:53 2024] Enqueueing pair 1825/4608 (39.6%)
[Thu Sep 19 16:03:53 2024] Enqueueing pair 1830/4608 (39.7%)
[Thu Sep 19 16:03:53 2024] Enqueueing pair 1834/4608 (39.8%)
[Thu Sep 19 16:03:53 2024] Enqueueing pair 1839/4608 (39.9%)
[Thu Sep 19 16:03:53 2024] Enqueueing pair 1844/4608 (40.0%)
[Thu Sep 19 16:03:53 2024] Enqueueing pair 1848/4608 (40.1%)
[Thu Sep 19 16:03:53 2024] Enqueueing pair 1853/4608 (40.2%)
[Thu Sep 19 16:03:53 2024] Enqueueing pair 1858/4608 (40.3%)
[Thu Sep 19 16:03:53 2024] Enqueueing pair 1862/4608 (40.4%)
[Thu Sep 19 16:03:53 2024] Enqueueing pair 1867/4608 (40.5%)
[Thu Sep 19 16:03:53 2024] Enqueueing pair 1871/4608 (40.6%)
[Thu Sep 19 16:03:53 2024] Enqueueing pair 1876/4608 (40.7%)
[Thu Sep 19 16:03:53 2024] Enqueueing pair 1881/4608 (40.8%)
[Thu Sep 19 16:03:53 2024] Enqueueing pair 1885/4608 (40.9%)
[Thu Sep 19 16:03:53 2024] Enqueueing pair 1890/4608 (41.0%)
[Thu Sep 19 16:03:53 2024] Enqueueing pair 1894/4608 (41.1%)
[Thu Sep 19 16:03:53 2024] Enqueueing pair 1899/4608 (41.2%)
[Thu Sep 19 16:03:53 2024] Enqueueing pair 1904/4608 (41.3%)
[Thu Sep 19 16:03:53 2024] Enqueueing pair 1908/4608 (41.4%)
[Thu Sep 19 16:03:53 2024] Enqueueing pair 1913/4608 (41.5%)
[Thu Sep 19 16:03:53 2024] Enqueueing pair 1917/4608 (41.6%)
[Thu Sep 19 16:03:53 2024] Enqueueing pair 1922/4608 (41.7%)
[Thu Sep 19 16:03:53 2024] Enqueueing pair 1927/4608 (41.8%)
[Thu Sep 19 16:03:53 2024] Enqueueing pair 1931/4608 (41.9%)
[Thu Sep 19 16:03:54 2024] Enqueueing pair 1936/4608 (42.0%)
[Thu Sep 19 16:03:54 2024] Enqueueing pair 1940/4608 (42.1%)
[Thu Sep 19 16:03:54 2024] Enqueueing pair 1945/4608 (42.2%)
[Thu Sep 19 16:03:54 2024] Enqueueing pair 1950/4608 (42.3%)
[Thu Sep 19 16:03:54 2024] Enqueueing pair 1954/4608 (42.4%)
[Thu Sep 19 16:03:54 2024] Enqueueing pair 1959/4608 (42.5%)
[Thu Sep 19 16:03:54 2024] Enqueueing pair 1964/4608 (42.6%)
[Thu Sep 19 16:03:54 2024] Enqueueing pair 1968/4608 (42.7%)
[Thu Sep 19 16:03:54 2024] Enqueueing pair 1973/4608 (42.8%)
[Thu Sep 19 16:03:54 2024] Enqueueing pair 1977/4608 (42.9%)
[Thu Sep 19 16:03:54 2024] Enqueueing pair 1982/4608 (43.0%)
[Thu Sep 19 16:03:54 2024] Enqueueing pair 1987/4608 (43.1%)
[Thu Sep 19 16:03:54 2024] Enqueueing pair 1991/4608 (43.2%)
[Thu Sep 19 16:03:54 2024] Enqueueing pair 1996/4608 (43.3%)
[Thu Sep 19 16:03:54 2024] Enqueueing pair 2000/4608 (43.4%)
[Thu Sep 19 16:03:54 2024] Enqueueing pair 2005/4608 (43.5%)
[Thu Sep 19 16:03:54 2024] Enqueueing pair 2010/4608 (43.6%)
[Thu Sep 19 16:03:54 2024] Enqueueing pair 2014/4608 (43.7%)
[Thu Sep 19 16:03:54 2024] Enqueueing pair 2019/4608 (43.8%)
[Thu Sep 19 16:03:54 2024] Enqueueing pair 2023/4608 (43.9%)
[Thu Sep 19 16:03:54 2024] Enqueueing pair 2028/4608 (44.0%)
[Thu Sep 19 16:03:54 2024] Enqueueing pair 2033/4608 (44.1%)
[Thu Sep 19 16:03:54 2024] Enqueueing pair 2037/4608 (44.2%)
[Thu Sep 19 16:03:54 2024] Enqueueing pair 2042/4608 (44.3%)
[Thu Sep 19 16:03:54 2024] Enqueueing pair 2046/4608 (44.4%)
[Thu Sep 19 16:03:54 2024] Enqueueing pair 2051/4608 (44.5%)
[Thu Sep 19 16:03:54 2024] Enqueueing pair 2056/4608 (44.6%)
[Thu Sep 19 16:03:54 2024] Enqueueing pair 2060/4608 (44.7%)
[Thu Sep 19 16:03:54 2024] Enqueueing pair 2065/4608 (44.8%)
[Thu Sep 19 16:03:54 2024] Enqueueing pair 2069/4608 (44.9%)
[Thu Sep 19 16:03:54 2024] Enqueueing pair 2074/4608 (45.0%)
[Thu Sep 19 16:03:54 2024] Enqueueing pair 2079/4608 (45.1%)
[Thu Sep 19 16:03:54 2024] Enqueueing pair 2083/4608 (45.2%)
[Thu Sep 19 16:03:54 2024] Enqueueing pair 2088/4608 (45.3%)
[Thu Sep 19 16:03:54 2024] Enqueueing pair 2093/4608 (45.4%)
[Thu Sep 19 16:03:54 2024] Enqueueing pair 2097/4608 (45.5%)
[Thu Sep 19 16:03:54 2024] Enqueueing pair 2102/4608 (45.6%)
[Thu Sep 19 16:03:54 2024] Enqueueing pair 2106/4608 (45.7%)
[Thu Sep 19 16:03:54 2024] Enqueueing pair 2111/4608 (45.8%)
[Thu Sep 19 16:03:54 2024] Enqueueing pair 2116/4608 (45.9%)
[Thu Sep 19 16:03:54 2024] Enqueueing pair 2120/4608 (46.0%)
[Thu Sep 19 16:03:54 2024] Enqueueing pair 2125/4608 (46.1%)
[Thu Sep 19 16:03:54 2024] Enqueueing pair 2129/4608 (46.2%)
[Thu Sep 19 16:03:54 2024] Enqueueing pair 2134/4608 (46.3%)
[Thu Sep 19 16:03:54 2024] Enqueueing pair 2139/4608 (46.4%)
[Thu Sep 19 16:03:54 2024] Enqueueing pair 2143/4608 (46.5%)
[Thu Sep 19 16:03:54 2024] Enqueueing pair 2148/4608 (46.6%)
[Thu Sep 19 16:03:54 2024] Enqueueing pair 2152/4608 (46.7%)
[Thu Sep 19 16:03:54 2024] Enqueueing pair 2157/4608 (46.8%)
[Thu Sep 19 16:03:54 2024] Enqueueing pair 2162/4608 (46.9%)
[Thu Sep 19 16:03:54 2024] Enqueueing pair 2166/4608 (47.0%)
[Thu Sep 19 16:03:54 2024] Enqueueing pair 2171/4608 (47.1%)
[Thu Sep 19 16:03:54 2024] Enqueueing pair 2175/4608 (47.2%)
[Thu Sep 19 16:03:54 2024] Enqueueing pair 2180/4608 (47.3%)
[Thu Sep 19 16:03:54 2024] Enqueueing pair 2185/4608 (47.4%)
[Thu Sep 19 16:03:54 2024] Enqueueing pair 2189/4608 (47.5%)
[Thu Sep 19 16:03:54 2024] Enqueueing pair 2194/4608 (47.6%)
[Thu Sep 19 16:03:54 2024] Enqueueing pair 2199/4608 (47.7%)
[Thu Sep 19 16:03:54 2024] Enqueueing pair 2203/4608 (47.8%)
[Thu Sep 19 16:03:54 2024] Enqueueing pair 2208/4608 (47.9%)
[Thu Sep 19 16:03:54 2024] Enqueueing pair 2212/4608 (48.0%)
[Thu Sep 19 16:03:54 2024] Enqueueing pair 2217/4608 (48.1%)
[Thu Sep 19 16:03:54 2024] Enqueueing pair 2222/4608 (48.2%)
[Thu Sep 19 16:03:54 2024] Enqueueing pair 2226/4608 (48.3%)
[Thu Sep 19 16:03:54 2024] Enqueueing pair 2231/4608 (48.4%)
[Thu Sep 19 16:03:54 2024] Enqueueing pair 2235/4608 (48.5%)
[Thu Sep 19 16:03:54 2024] Enqueueing pair 2240/4608 (48.6%)
[Thu Sep 19 16:03:54 2024] Enqueueing pair 2245/4608 (48.7%)
[Thu Sep 19 16:03:54 2024] Enqueueing pair 2249/4608 (48.8%)
[Thu Sep 19 16:03:54 2024] Enqueueing pair 2254/4608 (48.9%)
[Thu Sep 19 16:03:54 2024] Enqueueing pair 2258/4608 (49.0%)
[Thu Sep 19 16:03:54 2024] Enqueueing pair 2263/4608 (49.1%)
[Thu Sep 19 16:03:54 2024] Enqueueing pair 2268/4608 (49.2%)
[Thu Sep 19 16:03:54 2024] Enqueueing pair 2272/4608 (49.3%)
[Thu Sep 19 16:03:54 2024] Enqueueing pair 2277/4608 (49.4%)
[Thu Sep 19 16:03:54 2024] Enqueueing pair 2281/4608 (49.5%)
[Thu Sep 19 16:03:54 2024] Enqueueing pair 2286/4608 (49.6%)
[Thu Sep 19 16:03:54 2024] Enqueueing pair 2291/4608 (49.7%)
[Thu Sep 19 16:03:54 2024] Enqueueing pair 2295/4608 (49.8%)
[Thu Sep 19 16:03:54 2024] Enqueueing pair 2300/4608 (49.9%)
[Thu Sep 19 16:03:54 2024] Enqueueing pair 2304/4608 (50.0%)
[Thu Sep 19 16:03:54 2024] Enqueueing pair 2309/4608 (50.1%)
[Thu Sep 19 16:03:54 2024] Enqueueing pair 2314/4608 (50.2%)
[Thu Sep 19 16:03:54 2024] Enqueueing pair 2318/4608 (50.3%)
[Thu Sep 19 16:03:54 2024] Enqueueing pair 2323/4608 (50.4%)
[Thu Sep 19 16:03:54 2024] Enqueueing pair 2328/4608 (50.5%)
[Thu Sep 19 16:03:54 2024] Enqueueing pair 2332/4608 (50.6%)
[Thu Sep 19 16:03:54 2024] Enqueueing pair 2337/4608 (50.7%)
[Thu Sep 19 16:03:54 2024] Enqueueing pair 2341/4608 (50.8%)
[Thu Sep 19 16:03:54 2024] Enqueueing pair 2346/4608 (50.9%)
[Thu Sep 19 16:03:54 2024] Enqueueing pair 2351/4608 (51.0%)
[Thu Sep 19 16:03:54 2024] Enqueueing pair 2355/4608 (51.1%)
[Thu Sep 19 16:03:54 2024] Enqueueing pair 2360/4608 (51.2%)
[Thu Sep 19 16:03:54 2024] Enqueueing pair 2364/4608 (51.3%)
[Thu Sep 19 16:03:54 2024] Enqueueing pair 2369/4608 (51.4%)
[Thu Sep 19 16:03:54 2024] Enqueueing pair 2374/4608 (51.5%)
[Thu Sep 19 16:03:54 2024] Enqueueing pair 2378/4608 (51.6%)
[Thu Sep 19 16:03:54 2024] Enqueueing pair 2383/4608 (51.7%)
[Thu Sep 19 16:03:54 2024] Enqueueing pair 2387/4608 (51.8%)
[Thu Sep 19 16:03:54 2024] Enqueueing pair 2392/4608 (51.9%)
[Thu Sep 19 16:03:54 2024] Enqueueing pair 2397/4608 (52.0%)
[Thu Sep 19 16:03:54 2024] Enqueueing pair 2401/4608 (52.1%)
[Thu Sep 19 16:03:54 2024] Enqueueing pair 2406/4608 (52.2%)
[Thu Sep 19 16:03:54 2024] Enqueueing pair 2410/4608 (52.3%)
[Thu Sep 19 16:03:54 2024] Enqueueing pair 2415/4608 (52.4%)
[Thu Sep 19 16:03:54 2024] Enqueueing pair 2420/4608 (52.5%)
[Thu Sep 19 16:03:54 2024] Enqueueing pair 2424/4608 (52.6%)
[Thu Sep 19 16:03:54 2024] Enqueueing pair 2429/4608 (52.7%)
[Thu Sep 19 16:03:54 2024] Enqueueing pair 2434/4608 (52.8%)
[Thu Sep 19 16:03:54 2024] Enqueueing pair 2438/4608 (52.9%)
[Thu Sep 19 16:03:54 2024] Enqueueing pair 2443/4608 (53.0%)
[Thu Sep 19 16:03:54 2024] Enqueueing pair 2447/4608 (53.1%)
[Thu Sep 19 16:03:54 2024] Enqueueing pair 2452/4608 (53.2%)
[Thu Sep 19 16:03:54 2024] Enqueueing pair 2457/4608 (53.3%)
[Thu Sep 19 16:03:54 2024] Enqueueing pair 2461/4608 (53.4%)
[Thu Sep 19 16:03:54 2024] Enqueueing pair 2466/4608 (53.5%)
[Thu Sep 19 16:03:54 2024] Enqueueing pair 2470/4608 (53.6%)
[Thu Sep 19 16:03:54 2024] Enqueueing pair 2475/4608 (53.7%)
[Thu Sep 19 16:03:54 2024] Enqueueing pair 2480/4608 (53.8%)
[Thu Sep 19 16:03:54 2024] Enqueueing pair 2484/4608 (53.9%)
[Thu Sep 19 16:03:54 2024] Enqueueing pair 2489/4608 (54.0%)
[Thu Sep 19 16:03:54 2024] Enqueueing pair 2493/4608 (54.1%)
[Thu Sep 19 16:03:54 2024] Enqueueing pair 2498/4608 (54.2%)
[Thu Sep 19 16:03:54 2024] Enqueueing pair 2503/4608 (54.3%)
[Thu Sep 19 16:03:54 2024] Enqueueing pair 2507/4608 (54.4%)
[Thu Sep 19 16:03:54 2024] Enqueueing pair 2512/4608 (54.5%)
[Thu Sep 19 16:03:54 2024] Enqueueing pair 2516/4608 (54.6%)
[Thu Sep 19 16:03:54 2024] Enqueueing pair 2521/4608 (54.7%)
[Thu Sep 19 16:03:54 2024] Enqueueing pair 2526/4608 (54.8%)
[Thu Sep 19 16:03:54 2024] Enqueueing pair 2530/4608 (54.9%)
[Thu Sep 19 16:03:54 2024] Enqueueing pair 2535/4608 (55.0%)
[Thu Sep 19 16:03:54 2024] Enqueueing pair 2540/4608 (55.1%)
[Thu Sep 19 16:03:54 2024] Enqueueing pair 2544/4608 (55.2%)
[Thu Sep 19 16:03:54 2024] Enqueueing pair 2549/4608 (55.3%)
[Thu Sep 19 16:03:54 2024] Enqueueing pair 2553/4608 (55.4%)
[Thu Sep 19 16:03:54 2024] Enqueueing pair 2558/4608 (55.5%)
[Thu Sep 19 16:03:54 2024] Enqueueing pair 2563/4608 (55.6%)
[Thu Sep 19 16:03:54 2024] Enqueueing pair 2567/4608 (55.7%)
[Thu Sep 19 16:03:54 2024] Enqueueing pair 2572/4608 (55.8%)
[Thu Sep 19 16:03:54 2024] Enqueueing pair 2576/4608 (55.9%)
[Thu Sep 19 16:03:54 2024] Enqueueing pair 2581/4608 (56.0%)
[Thu Sep 19 16:03:54 2024] Enqueueing pair 2586/4608 (56.1%)
[Thu Sep 19 16:03:54 2024] Enqueueing pair 2590/4608 (56.2%)
[Thu Sep 19 16:03:54 2024] Enqueueing pair 2595/4608 (56.3%)
[Thu Sep 19 16:03:54 2024] Enqueueing pair 2599/4608 (56.4%)
[Thu Sep 19 16:03:54 2024] Enqueueing pair 2604/4608 (56.5%)
[Thu Sep 19 16:03:54 2024] Enqueueing pair 2609/4608 (56.6%)
[Thu Sep 19 16:03:54 2024] Enqueueing pair 2613/4608 (56.7%)
[Thu Sep 19 16:03:54 2024] Enqueueing pair 2618/4608 (56.8%)
[Thu Sep 19 16:03:54 2024] Enqueueing pair 2622/4608 (56.9%)
[Thu Sep 19 16:03:54 2024] Enqueueing pair 2627/4608 (57.0%)
[Thu Sep 19 16:03:54 2024] Enqueueing pair 2632/4608 (57.1%)
[Thu Sep 19 16:03:54 2024] Enqueueing pair 2636/4608 (57.2%)
[Thu Sep 19 16:03:54 2024] Enqueueing pair 2641/4608 (57.3%)
[Thu Sep 19 16:03:54 2024] Enqueueing pair 2645/4608 (57.4%)
[Thu Sep 19 16:03:54 2024] Enqueueing pair 2650/4608 (57.5%)
[Thu Sep 19 16:03:54 2024] Enqueueing pair 2655/4608 (57.6%)
[Thu Sep 19 16:03:54 2024] Enqueueing pair 2659/4608 (57.7%)
[Thu Sep 19 16:03:54 2024] Enqueueing pair 2664/4608 (57.8%)
[Thu Sep 19 16:03:54 2024] Enqueueing pair 2669/4608 (57.9%)
[Thu Sep 19 16:03:54 2024] Enqueueing pair 2673/4608 (58.0%)
[Thu Sep 19 16:03:54 2024] Enqueueing pair 2678/4608 (58.1%)
[Thu Sep 19 16:03:54 2024] Enqueueing pair 2682/4608 (58.2%)
[Thu Sep 19 16:03:54 2024] Enqueueing pair 2687/4608 (58.3%)
[Thu Sep 19 16:03:54 2024] Enqueueing pair 2692/4608 (58.4%)
[Thu Sep 19 16:03:54 2024] Enqueueing pair 2696/4608 (58.5%)
[Thu Sep 19 16:03:54 2024] Enqueueing pair 2701/4608 (58.6%)
[Thu Sep 19 16:03:54 2024] Enqueueing pair 2705/4608 (58.7%)
[Thu Sep 19 16:03:54 2024] Enqueueing pair 2710/4608 (58.8%)
[Thu Sep 19 16:03:54 2024] Enqueueing pair 2715/4608 (58.9%)
[Thu Sep 19 16:03:54 2024] Enqueueing pair 2719/4608 (59.0%)
[Thu Sep 19 16:03:54 2024] Enqueueing pair 2724/4608 (59.1%)
[Thu Sep 19 16:03:54 2024] Enqueueing pair 2728/4608 (59.2%)
[Thu Sep 19 16:03:54 2024] Enqueueing pair 2733/4608 (59.3%)
[Thu Sep 19 16:03:54 2024] Enqueueing pair 2738/4608 (59.4%)
[Thu Sep 19 16:03:54 2024] Enqueueing pair 2742/4608 (59.5%)
[Thu Sep 19 16:03:54 2024] Enqueueing pair 2747/4608 (59.6%)
[Thu Sep 19 16:03:54 2024] Enqueueing pair 2751/4608 (59.7%)
[Thu Sep 19 16:03:54 2024] Enqueueing pair 2756/4608 (59.8%)
[Thu Sep 19 16:03:54 2024] Enqueueing pair 2761/4608 (59.9%)
[Thu Sep 19 16:03:54 2024] Enqueueing pair 2765/4608 (60.0%)
[Thu Sep 19 16:03:54 2024] Enqueueing pair 2770/4608 (60.1%)
[Thu Sep 19 16:03:54 2024] Enqueueing pair 2775/4608 (60.2%)
[Thu Sep 19 16:03:54 2024] Enqueueing pair 2779/4608 (60.3%)
[Thu Sep 19 16:03:54 2024] Enqueueing pair 2784/4608 (60.4%)
[Thu Sep 19 16:03:54 2024] Enqueueing pair 2788/4608 (60.5%)
[Thu Sep 19 16:03:54 2024] Enqueueing pair 2793/4608 (60.6%)
[Thu Sep 19 16:03:54 2024] Enqueueing pair 2798/4608 (60.7%)
[Thu Sep 19 16:03:54 2024] Enqueueing pair 2802/4608 (60.8%)
[Thu Sep 19 16:03:54 2024] Enqueueing pair 2807/4608 (60.9%)
[Thu Sep 19 16:03:54 2024] Enqueueing pair 2811/4608 (61.0%)
[Thu Sep 19 16:03:54 2024] Enqueueing pair 2816/4608 (61.1%)
[Thu Sep 19 16:03:54 2024] Enqueueing pair 2821/4608 (61.2%)
[Thu Sep 19 16:03:54 2024] Enqueueing pair 2825/4608 (61.3%)
[Thu Sep 19 16:03:54 2024] Enqueueing pair 2830/4608 (61.4%)
[Thu Sep 19 16:03:54 2024] Enqueueing pair 2834/4608 (61.5%)
[Thu Sep 19 16:03:54 2024] Enqueueing pair 2839/4608 (61.6%)
[Thu Sep 19 16:03:54 2024] Enqueueing pair 2844/4608 (61.7%)
[Thu Sep 19 16:03:54 2024] Enqueueing pair 2848/4608 (61.8%)
[Thu Sep 19 16:03:54 2024] Enqueueing pair 2853/4608 (61.9%)
[Thu Sep 19 16:03:54 2024] Enqueueing pair 2857/4608 (62.0%)
[Thu Sep 19 16:03:54 2024] Enqueueing pair 2862/4608 (62.1%)
[Thu Sep 19 16:03:54 2024] Enqueueing pair 2867/4608 (62.2%)
[Thu Sep 19 16:03:54 2024] Enqueueing pair 2871/4608 (62.3%)
[Thu Sep 19 16:03:54 2024] Enqueueing pair 2876/4608 (62.4%)
[Thu Sep 19 16:03:54 2024] Enqueueing pair 2880/4608 (62.5%)
[Thu Sep 19 16:03:54 2024] Enqueueing pair 2885/4608 (62.6%)
[Thu Sep 19 16:03:54 2024] Enqueueing pair 2890/4608 (62.7%)
[Thu Sep 19 16:03:54 2024] Enqueueing pair 2894/4608 (62.8%)
[Thu Sep 19 16:03:54 2024] Enqueueing pair 2899/4608 (62.9%)
[Thu Sep 19 16:03:54 2024] Enqueueing pair 2904/4608 (63.0%)
[Thu Sep 19 16:03:54 2024] Enqueueing pair 2908/4608 (63.1%)
[Thu Sep 19 16:03:54 2024] Enqueueing pair 2913/4608 (63.2%)
[Thu Sep 19 16:03:54 2024] Enqueueing pair 2917/4608 (63.3%)
[Thu Sep 19 16:03:54 2024] Enqueueing pair 2922/4608 (63.4%)
[Thu Sep 19 16:03:54 2024] Enqueueing pair 2927/4608 (63.5%)
[Thu Sep 19 16:03:54 2024] Enqueueing pair 2931/4608 (63.6%)
[Thu Sep 19 16:03:54 2024] Enqueueing pair 2936/4608 (63.7%)
[Thu Sep 19 16:03:54 2024] Enqueueing pair 2940/4608 (63.8%)
[Thu Sep 19 16:03:54 2024] Enqueueing pair 2945/4608 (63.9%)
[Thu Sep 19 16:03:54 2024] Enqueueing pair 2950/4608 (64.0%)
[Thu Sep 19 16:03:54 2024] Enqueueing pair 2954/4608 (64.1%)
[Thu Sep 19 16:03:54 2024] Enqueueing pair 2959/4608 (64.2%)
[Thu Sep 19 16:03:54 2024] Enqueueing pair 2963/4608 (64.3%)
[Thu Sep 19 16:03:54 2024] Enqueueing pair 2968/4608 (64.4%)
[Thu Sep 19 16:03:54 2024] Enqueueing pair 2973/4608 (64.5%)
[Thu Sep 19 16:03:54 2024] Enqueueing pair 2977/4608 (64.6%)
[Thu Sep 19 16:03:54 2024] Enqueueing pair 2982/4608 (64.7%)
[Thu Sep 19 16:03:54 2024] Enqueueing pair 2986/4608 (64.8%)
[Thu Sep 19 16:03:54 2024] Enqueueing pair 2991/4608 (64.9%)
[Thu Sep 19 16:03:54 2024] Enqueueing pair 2996/4608 (65.0%)
[Thu Sep 19 16:03:54 2024] Enqueueing pair 3000/4608 (65.1%)
[Thu Sep 19 16:03:54 2024] Enqueueing pair 3005/4608 (65.2%)
[Thu Sep 19 16:03:54 2024] Enqueueing pair 3010/4608 (65.3%)
[Thu Sep 19 16:03:54 2024] Enqueueing pair 3014/4608 (65.4%)
[Thu Sep 19 16:03:54 2024] Enqueueing pair 3019/4608 (65.5%)
[Thu Sep 19 16:03:54 2024] Enqueueing pair 3023/4608 (65.6%)
[Thu Sep 19 16:03:54 2024] Enqueueing pair 3028/4608 (65.7%)
[Thu Sep 19 16:03:54 2024] Enqueueing pair 3033/4608 (65.8%)
[Thu Sep 19 16:03:54 2024] Enqueueing pair 3037/4608 (65.9%)
[Thu Sep 19 16:03:54 2024] Enqueueing pair 3042/4608 (66.0%)
[Thu Sep 19 16:03:54 2024] Enqueueing pair 3046/4608 (66.1%)
[Thu Sep 19 16:03:54 2024] Enqueueing pair 3051/4608 (66.2%)
[Thu Sep 19 16:03:54 2024] Enqueueing pair 3056/4608 (66.3%)
[Thu Sep 19 16:03:54 2024] Enqueueing pair 3060/4608 (66.4%)
[Thu Sep 19 16:03:54 2024] Enqueueing pair 3065/4608 (66.5%)
[Thu Sep 19 16:03:54 2024] Enqueueing pair 3069/4608 (66.6%)
[Thu Sep 19 16:03:54 2024] Enqueueing pair 3074/4608 (66.7%)
[Thu Sep 19 16:03:54 2024] Enqueueing pair 3079/4608 (66.8%)
[Thu Sep 19 16:03:54 2024] Enqueueing pair 3083/4608 (66.9%)
[Thu Sep 19 16:03:54 2024] Enqueueing pair 3088/4608 (67.0%)
[Thu Sep 19 16:03:54 2024] Enqueueing pair 3092/4608 (67.1%)
[Thu Sep 19 16:03:54 2024] Enqueueing pair 3097/4608 (67.2%)
[Thu Sep 19 16:03:54 2024] Enqueueing pair 3102/4608 (67.3%)
[Thu Sep 19 16:03:54 2024] Enqueueing pair 3106/4608 (67.4%)
[Thu Sep 19 16:03:54 2024] Enqueueing pair 3111/4608 (67.5%)
[Thu Sep 19 16:03:54 2024] Enqueueing pair 3116/4608 (67.6%)
[Thu Sep 19 16:03:54 2024] Enqueueing pair 3120/4608 (67.7%)
[Thu Sep 19 16:03:54 2024] Enqueueing pair 3125/4608 (67.8%)
[Thu Sep 19 16:03:54 2024] Enqueueing pair 3129/4608 (67.9%)
[Thu Sep 19 16:03:54 2024] Enqueueing pair 3134/4608 (68.0%)
[Thu Sep 19 16:03:54 2024] Enqueueing pair 3139/4608 (68.1%)
[Thu Sep 19 16:03:54 2024] Enqueueing pair 3143/4608 (68.2%)
[Thu Sep 19 16:03:54 2024] Enqueueing pair 3148/4608 (68.3%)
[Thu Sep 19 16:03:54 2024] Enqueueing pair 3152/4608 (68.4%)
[Thu Sep 19 16:03:54 2024] Enqueueing pair 3157/4608 (68.5%)
[Thu Sep 19 16:03:54 2024] Enqueueing pair 3162/4608 (68.6%)
[Thu Sep 19 16:03:54 2024] Enqueueing pair 3166/4608 (68.7%)
[Thu Sep 19 16:03:54 2024] Enqueueing pair 3171/4608 (68.8%)
[Thu Sep 19 16:03:54 2024] Enqueueing pair 3175/4608 (68.9%)
[Thu Sep 19 16:03:54 2024] Enqueueing pair 3180/4608 (69.0%)
[Thu Sep 19 16:03:54 2024] Enqueueing pair 3185/4608 (69.1%)
[Thu Sep 19 16:03:54 2024] Enqueueing pair 3189/4608 (69.2%)
[Thu Sep 19 16:03:54 2024] Enqueueing pair 3194/4608 (69.3%)
[Thu Sep 19 16:03:54 2024] Enqueueing pair 3198/4608 (69.4%)
[Thu Sep 19 16:03:54 2024] Enqueueing pair 3203/4608 (69.5%)
[Thu Sep 19 16:03:54 2024] Enqueueing pair 3208/4608 (69.6%)
[Thu Sep 19 16:03:54 2024] Enqueueing pair 3212/4608 (69.7%)
[Thu Sep 19 16:03:54 2024] Enqueueing pair 3217/4608 (69.8%)
[Thu Sep 19 16:03:54 2024] Enqueueing pair 3221/4608 (69.9%)
[Thu Sep 19 16:03:54 2024] Enqueueing pair 3226/4608 (70.0%)
[Thu Sep 19 16:03:54 2024] Enqueueing pair 3231/4608 (70.1%)
[Thu Sep 19 16:03:54 2024] Enqueueing pair 3235/4608 (70.2%)
[Thu Sep 19 16:03:54 2024] Enqueueing pair 3240/4608 (70.3%)
[Thu Sep 19 16:03:54 2024] Enqueueing pair 3245/4608 (70.4%)
[Thu Sep 19 16:03:55 2024] Enqueueing pair 3249/4608 (70.5%)
[Thu Sep 19 16:03:55 2024] Enqueueing pair 3254/4608 (70.6%)
[Thu Sep 19 16:03:55 2024] Enqueueing pair 3258/4608 (70.7%)
[Thu Sep 19 16:03:55 2024] Enqueueing pair 3263/4608 (70.8%)
[Thu Sep 19 16:03:55 2024] Enqueueing pair 3268/4608 (70.9%)
[Thu Sep 19 16:03:55 2024] Enqueueing pair 3272/4608 (71.0%)
[Thu Sep 19 16:03:55 2024] Enqueueing pair 3277/4608 (71.1%)
[Thu Sep 19 16:03:55 2024] Enqueueing pair 3281/4608 (71.2%)
[Thu Sep 19 16:03:55 2024] Enqueueing pair 3286/4608 (71.3%)
[Thu Sep 19 16:03:55 2024] Enqueueing pair 3291/4608 (71.4%)
[Thu Sep 19 16:03:55 2024] Enqueueing pair 3295/4608 (71.5%)
[Thu Sep 19 16:03:55 2024] Enqueueing pair 3300/4608 (71.6%)
[Thu Sep 19 16:03:55 2024] Enqueueing pair 3304/4608 (71.7%)
[Thu Sep 19 16:03:55 2024] Enqueueing pair 3309/4608 (71.8%)
[Thu Sep 19 16:03:55 2024] Enqueueing pair 3314/4608 (71.9%)
[Thu Sep 19 16:03:55 2024] Enqueueing pair 3318/4608 (72.0%)
[Thu Sep 19 16:03:55 2024] Enqueueing pair 3323/4608 (72.1%)
[Thu Sep 19 16:03:55 2024] Enqueueing pair 3327/4608 (72.2%)
[Thu Sep 19 16:03:55 2024] Enqueueing pair 3332/4608 (72.3%)
[Thu Sep 19 16:03:55 2024] Enqueueing pair 3337/4608 (72.4%)
[Thu Sep 19 16:03:55 2024] Enqueueing pair 3341/4608 (72.5%)
[Thu Sep 19 16:03:55 2024] Enqueueing pair 3346/4608 (72.6%)
[Thu Sep 19 16:03:55 2024] Enqueueing pair 3351/4608 (72.7%)
[Thu Sep 19 16:03:55 2024] Enqueueing pair 3355/4608 (72.8%)
[Thu Sep 19 16:03:55 2024] Enqueueing pair 3360/4608 (72.9%)
[Thu Sep 19 16:03:55 2024] Enqueueing pair 3364/4608 (73.0%)
[Thu Sep 19 16:03:55 2024] Enqueueing pair 3369/4608 (73.1%)
[Thu Sep 19 16:03:55 2024] Enqueueing pair 3374/4608 (73.2%)
[Thu Sep 19 16:03:55 2024] Enqueueing pair 3378/4608 (73.3%)
[Thu Sep 19 16:03:55 2024] Enqueueing pair 3383/4608 (73.4%)
[Thu Sep 19 16:03:55 2024] Enqueueing pair 3387/4608 (73.5%)
[Thu Sep 19 16:03:55 2024] Enqueueing pair 3392/4608 (73.6%)
[Thu Sep 19 16:03:55 2024] Enqueueing pair 3397/4608 (73.7%)
[Thu Sep 19 16:03:55 2024] Enqueueing pair 3401/4608 (73.8%)
[Thu Sep 19 16:03:55 2024] Enqueueing pair 3406/4608 (73.9%)
[Thu Sep 19 16:03:55 2024] Enqueueing pair 3410/4608 (74.0%)
[Thu Sep 19 16:03:55 2024] Enqueueing pair 3415/4608 (74.1%)
[Thu Sep 19 16:03:55 2024] Enqueueing pair 3420/4608 (74.2%)
[Thu Sep 19 16:03:55 2024] Enqueueing pair 3424/4608 (74.3%)
[Thu Sep 19 16:03:55 2024] Enqueueing pair 3429/4608 (74.4%)
[Thu Sep 19 16:03:55 2024] Enqueueing pair 3433/4608 (74.5%)
[Thu Sep 19 16:03:55 2024] Enqueueing pair 3438/4608 (74.6%)
[Thu Sep 19 16:03:55 2024] Enqueueing pair 3443/4608 (74.7%)
[Thu Sep 19 16:03:55 2024] Enqueueing pair 3447/4608 (74.8%)
[Thu Sep 19 16:03:55 2024] Enqueueing pair 3452/4608 (74.9%)
[Thu Sep 19 16:03:55 2024] Enqueueing pair 3456/4608 (75.0%)
[Thu Sep 19 16:03:55 2024] Enqueueing pair 3461/4608 (75.1%)
[Thu Sep 19 16:03:55 2024] Enqueueing pair 3466/4608 (75.2%)
[Thu Sep 19 16:03:55 2024] Enqueueing pair 3470/4608 (75.3%)
[Thu Sep 19 16:03:55 2024] Enqueueing pair 3475/4608 (75.4%)
[Thu Sep 19 16:03:55 2024] Enqueueing pair 3480/4608 (75.5%)
[Thu Sep 19 16:03:55 2024] Enqueueing pair 3484/4608 (75.6%)
[Thu Sep 19 16:03:55 2024] Enqueueing pair 3489/4608 (75.7%)
[Thu Sep 19 16:03:55 2024] Enqueueing pair 3493/4608 (75.8%)
[Thu Sep 19 16:03:55 2024] Enqueueing pair 3498/4608 (75.9%)
[Thu Sep 19 16:03:55 2024] Enqueueing pair 3503/4608 (76.0%)
[Thu Sep 19 16:03:55 2024] Enqueueing pair 3507/4608 (76.1%)
[Thu Sep 19 16:03:55 2024] Enqueueing pair 3512/4608 (76.2%)
[Thu Sep 19 16:03:55 2024] Enqueueing pair 3516/4608 (76.3%)
[Thu Sep 19 16:03:55 2024] Enqueueing pair 3521/4608 (76.4%)
[Thu Sep 19 16:03:55 2024] Enqueueing pair 3526/4608 (76.5%)
[Thu Sep 19 16:03:55 2024] Enqueueing pair 3530/4608 (76.6%)
[Thu Sep 19 16:03:55 2024] Enqueueing pair 3535/4608 (76.7%)
[Thu Sep 19 16:03:55 2024] Enqueueing pair 3539/4608 (76.8%)
[Thu Sep 19 16:03:55 2024] Enqueueing pair 3544/4608 (76.9%)
[Thu Sep 19 16:03:55 2024] Enqueueing pair 3549/4608 (77.0%)
[Thu Sep 19 16:03:55 2024] Enqueueing pair 3553/4608 (77.1%)
[Thu Sep 19 16:03:55 2024] Enqueueing pair 3558/4608 (77.2%)
[Thu Sep 19 16:03:55 2024] Enqueueing pair 3562/4608 (77.3%)
[Thu Sep 19 16:03:55 2024] Enqueueing pair 3567/4608 (77.4%)
[Thu Sep 19 16:03:55 2024] Enqueueing pair 3572/4608 (77.5%)
[Thu Sep 19 16:03:55 2024] Enqueueing pair 3576/4608 (77.6%)
[Thu Sep 19 16:03:55 2024] Enqueueing pair 3581/4608 (77.7%)
[Thu Sep 19 16:03:55 2024] Enqueueing pair 3586/4608 (77.8%)
[Thu Sep 19 16:03:55 2024] Enqueueing pair 3590/4608 (77.9%)
[Thu Sep 19 16:03:55 2024] Enqueueing pair 3595/4608 (78.0%)
[Thu Sep 19 16:03:55 2024] Enqueueing pair 3599/4608 (78.1%)
[Thu Sep 19 16:03:55 2024] Enqueueing pair 3604/4608 (78.2%)
[Thu Sep 19 16:03:55 2024] Enqueueing pair 3609/4608 (78.3%)
[Thu Sep 19 16:03:55 2024] Enqueueing pair 3613/4608 (78.4%)
[Thu Sep 19 16:03:55 2024] Enqueueing pair 3618/4608 (78.5%)
[Thu Sep 19 16:03:55 2024] Enqueueing pair 3622/4608 (78.6%)
[Thu Sep 19 16:03:55 2024] Enqueueing pair 3627/4608 (78.7%)
[Thu Sep 19 16:03:55 2024] Enqueueing pair 3632/4608 (78.8%)
[Thu Sep 19 16:03:55 2024] Enqueueing pair 3636/4608 (78.9%)
[Thu Sep 19 16:03:55 2024] Enqueueing pair 3641/4608 (79.0%)
[Thu Sep 19 16:03:55 2024] Enqueueing pair 3645/4608 (79.1%)
[Thu Sep 19 16:03:55 2024] Enqueueing pair 3650/4608 (79.2%)
[Thu Sep 19 16:03:55 2024] Enqueueing pair 3655/4608 (79.3%)
[Thu Sep 19 16:03:55 2024] Enqueueing pair 3659/4608 (79.4%)
[Thu Sep 19 16:03:55 2024] Enqueueing pair 3664/4608 (79.5%)
[Thu Sep 19 16:03:55 2024] Enqueueing pair 3668/4608 (79.6%)
[Thu Sep 19 16:03:55 2024] Enqueueing pair 3673/4608 (79.7%)
[Thu Sep 19 16:03:55 2024] Enqueueing pair 3678/4608 (79.8%)
[Thu Sep 19 16:03:55 2024] Enqueueing pair 3682/4608 (79.9%)
[Thu Sep 19 16:03:55 2024] Enqueueing pair 3687/4608 (80.0%)
[Thu Sep 19 16:03:55 2024] Enqueueing pair 3692/4608 (80.1%)
[Thu Sep 19 16:03:55 2024] Enqueueing pair 3696/4608 (80.2%)
[Thu Sep 19 16:03:55 2024] Enqueueing pair 3701/4608 (80.3%)
[Thu Sep 19 16:03:55 2024] Enqueueing pair 3705/4608 (80.4%)
[Thu Sep 19 16:03:55 2024] Enqueueing pair 3710/4608 (80.5%)
[Thu Sep 19 16:03:55 2024] Enqueueing pair 3715/4608 (80.6%)
[Thu Sep 19 16:03:55 2024] Enqueueing pair 3719/4608 (80.7%)
[Thu Sep 19 16:03:55 2024] Enqueueing pair 3724/4608 (80.8%)
[Thu Sep 19 16:03:55 2024] Enqueueing pair 3728/4608 (80.9%)
[Thu Sep 19 16:03:55 2024] Enqueueing pair 3733/4608 (81.0%)
[Thu Sep 19 16:03:55 2024] Enqueueing pair 3738/4608 (81.1%)
[Thu Sep 19 16:03:55 2024] Enqueueing pair 3742/4608 (81.2%)
[Thu Sep 19 16:03:55 2024] Enqueueing pair 3747/4608 (81.3%)
[Thu Sep 19 16:03:55 2024] Enqueueing pair 3751/4608 (81.4%)
[Thu Sep 19 16:03:55 2024] Enqueueing pair 3756/4608 (81.5%)
[Thu Sep 19 16:03:55 2024] Enqueueing pair 3761/4608 (81.6%)
[Thu Sep 19 16:03:55 2024] Enqueueing pair 3765/4608 (81.7%)
[Thu Sep 19 16:03:55 2024] Enqueueing pair 3770/4608 (81.8%)
[Thu Sep 19 16:03:55 2024] Enqueueing pair 3774/4608 (81.9%)
[Thu Sep 19 16:03:55 2024] Enqueueing pair 3779/4608 (82.0%)
[Thu Sep 19 16:03:55 2024] Enqueueing pair 3784/4608 (82.1%)
[Thu Sep 19 16:03:55 2024] Enqueueing pair 3788/4608 (82.2%)
[Thu Sep 19 16:03:55 2024] Enqueueing pair 3793/4608 (82.3%)
[Thu Sep 19 16:03:55 2024] Enqueueing pair 3797/4608 (82.4%)
[Thu Sep 19 16:03:55 2024] Enqueueing pair 3802/4608 (82.5%)
[Thu Sep 19 16:03:55 2024] Enqueueing pair 3807/4608 (82.6%)
[Thu Sep 19 16:03:55 2024] Enqueueing pair 3811/4608 (82.7%)
[Thu Sep 19 16:03:55 2024] Enqueueing pair 3816/4608 (82.8%)
[Thu Sep 19 16:03:55 2024] Enqueueing pair 3821/4608 (82.9%)
[Thu Sep 19 16:03:55 2024] Enqueueing pair 3825/4608 (83.0%)
[Thu Sep 19 16:03:55 2024] Enqueueing pair 3830/4608 (83.1%)
[Thu Sep 19 16:03:55 2024] Enqueueing pair 3834/4608 (83.2%)
[Thu Sep 19 16:03:55 2024] Enqueueing pair 3839/4608 (83.3%)
[Thu Sep 19 16:03:55 2024] Enqueueing pair 3844/4608 (83.4%)
[Thu Sep 19 16:03:55 2024] Enqueueing pair 3848/4608 (83.5%)
[Thu Sep 19 16:03:55 2024] Enqueueing pair 3853/4608 (83.6%)
[Thu Sep 19 16:03:55 2024] Enqueueing pair 3857/4608 (83.7%)
[Thu Sep 19 16:03:55 2024] Enqueueing pair 3862/4608 (83.8%)
[Thu Sep 19 16:03:55 2024] Enqueueing pair 3867/4608 (83.9%)
[Thu Sep 19 16:03:55 2024] Enqueueing pair 3871/4608 (84.0%)
[Thu Sep 19 16:03:55 2024] Enqueueing pair 3876/4608 (84.1%)
[Thu Sep 19 16:03:55 2024] Enqueueing pair 3880/4608 (84.2%)
[Thu Sep 19 16:03:55 2024] Enqueueing pair 3885/4608 (84.3%)
[Thu Sep 19 16:03:55 2024] Enqueueing pair 3890/4608 (84.4%)
[Thu Sep 19 16:03:55 2024] Enqueueing pair 3894/4608 (84.5%)
[Thu Sep 19 16:03:55 2024] Enqueueing pair 3899/4608 (84.6%)
[Thu Sep 19 16:03:55 2024] Enqueueing pair 3903/4608 (84.7%)
[Thu Sep 19 16:03:55 2024] Enqueueing pair 3908/4608 (84.8%)
[Thu Sep 19 16:03:55 2024] Enqueueing pair 3913/4608 (84.9%)
[Thu Sep 19 16:03:55 2024] Enqueueing pair 3917/4608 (85.0%)
[Thu Sep 19 16:03:55 2024] Enqueueing pair 3922/4608 (85.1%)
[Thu Sep 19 16:03:55 2024] Enqueueing pair 3927/4608 (85.2%)
[Thu Sep 19 16:03:55 2024] Enqueueing pair 3931/4608 (85.3%)
[Thu Sep 19 16:03:55 2024] Enqueueing pair 3936/4608 (85.4%)
[Thu Sep 19 16:03:55 2024] Enqueueing pair 3940/4608 (85.5%)
[Thu Sep 19 16:03:55 2024] Enqueueing pair 3945/4608 (85.6%)
[Thu Sep 19 16:03:55 2024] Enqueueing pair 3950/4608 (85.7%)
[Thu Sep 19 16:03:55 2024] Enqueueing pair 3954/4608 (85.8%)
[Thu Sep 19 16:03:55 2024] Enqueueing pair 3959/4608 (85.9%)
[Thu Sep 19 16:03:55 2024] Enqueueing pair 3963/4608 (86.0%)
[Thu Sep 19 16:03:55 2024] Enqueueing pair 3968/4608 (86.1%)
[Thu Sep 19 16:03:55 2024] Enqueueing pair 3973/4608 (86.2%)
[Thu Sep 19 16:03:55 2024] Enqueueing pair 3977/4608 (86.3%)
[Thu Sep 19 16:03:55 2024] Enqueueing pair 3982/4608 (86.4%)
[Thu Sep 19 16:03:55 2024] Enqueueing pair 3986/4608 (86.5%)
[Thu Sep 19 16:03:55 2024] Enqueueing pair 3991/4608 (86.6%)
[Thu Sep 19 16:03:55 2024] Enqueueing pair 3996/4608 (86.7%)
[Thu Sep 19 16:03:55 2024] Enqueueing pair 4000/4608 (86.8%)
[Thu Sep 19 16:03:55 2024] Enqueueing pair 4005/4608 (86.9%)
[Thu Sep 19 16:03:55 2024] Enqueueing pair 4009/4608 (87.0%)
[Thu Sep 19 16:03:55 2024] Enqueueing pair 4014/4608 (87.1%)
[Thu Sep 19 16:03:55 2024] Enqueueing pair 4019/4608 (87.2%)
[Thu Sep 19 16:03:55 2024] Enqueueing pair 4023/4608 (87.3%)
[Thu Sep 19 16:03:55 2024] Enqueueing pair 4028/4608 (87.4%)
[Thu Sep 19 16:03:55 2024] Enqueueing pair 4032/4608 (87.5%)
[Thu Sep 19 16:03:55 2024] Enqueueing pair 4037/4608 (87.6%)
[Thu Sep 19 16:03:55 2024] Enqueueing pair 4042/4608 (87.7%)
[Thu Sep 19 16:03:55 2024] Enqueueing pair 4046/4608 (87.8%)
[Thu Sep 19 16:03:55 2024] Enqueueing pair 4051/4608 (87.9%)
[Thu Sep 19 16:03:55 2024] Enqueueing pair 4056/4608 (88.0%)
[Thu Sep 19 16:03:55 2024] Enqueueing pair 4060/4608 (88.1%)
[Thu Sep 19 16:03:55 2024] Enqueueing pair 4065/4608 (88.2%)
[Thu Sep 19 16:03:55 2024] Enqueueing pair 4069/4608 (88.3%)
[Thu Sep 19 16:03:55 2024] Enqueueing pair 4074/4608 (88.4%)
[Thu Sep 19 16:03:55 2024] Enqueueing pair 4079/4608 (88.5%)
[Thu Sep 19 16:03:55 2024] Enqueueing pair 4083/4608 (88.6%)
[Thu Sep 19 16:03:55 2024] Enqueueing pair 4088/4608 (88.7%)
[Thu Sep 19 16:03:55 2024] Enqueueing pair 4092/4608 (88.8%)
[Thu Sep 19 16:03:55 2024] Enqueueing pair 4097/4608 (88.9%)
[Thu Sep 19 16:03:55 2024] Enqueueing pair 4102/4608 (89.0%)
[Thu Sep 19 16:03:55 2024] Enqueueing pair 4106/4608 (89.1%)
[Thu Sep 19 16:03:55 2024] Enqueueing pair 4111/4608 (89.2%)
[Thu Sep 19 16:03:55 2024] Enqueueing pair 4115/4608 (89.3%)
[Thu Sep 19 16:03:55 2024] Enqueueing pair 4120/4608 (89.4%)
[Thu Sep 19 16:03:55 2024] Enqueueing pair 4125/4608 (89.5%)
[Thu Sep 19 16:03:55 2024] Enqueueing pair 4129/4608 (89.6%)
[Thu Sep 19 16:03:55 2024] Enqueueing pair 4134/4608 (89.7%)
[Thu Sep 19 16:03:55 2024] Enqueueing pair 4138/4608 (89.8%)
[Thu Sep 19 16:03:55 2024] Enqueueing pair 4143/4608 (89.9%)
[Thu Sep 19 16:03:55 2024] Enqueueing pair 4148/4608 (90.0%)
[Thu Sep 19 16:03:55 2024] Enqueueing pair 4152/4608 (90.1%)
[Thu Sep 19 16:03:55 2024] Enqueueing pair 4157/4608 (90.2%)
[Thu Sep 19 16:03:55 2024] Enqueueing pair 4162/4608 (90.3%)
[Thu Sep 19 16:03:55 2024] Enqueueing pair 4166/4608 (90.4%)
[Thu Sep 19 16:03:55 2024] Enqueueing pair 4171/4608 (90.5%)
[Thu Sep 19 16:03:55 2024] Enqueueing pair 4175/4608 (90.6%)
[Thu Sep 19 16:03:55 2024] Enqueueing pair 4180/4608 (90.7%)
[Thu Sep 19 16:03:55 2024] Enqueueing pair 4185/4608 (90.8%)
[Thu Sep 19 16:03:55 2024] Enqueueing pair 4189/4608 (90.9%)
[Thu Sep 19 16:03:55 2024] Enqueueing pair 4194/4608 (91.0%)
[Thu Sep 19 16:03:55 2024] Enqueueing pair 4198/4608 (91.1%)
[Thu Sep 19 16:03:55 2024] Enqueueing pair 4203/4608 (91.2%)
[Thu Sep 19 16:03:55 2024] Enqueueing pair 4208/4608 (91.3%)
[Thu Sep 19 16:03:55 2024] Enqueueing pair 4212/4608 (91.4%)
[Thu Sep 19 16:03:55 2024] Enqueueing pair 4217/4608 (91.5%)
[Thu Sep 19 16:03:55 2024] Enqueueing pair 4221/4608 (91.6%)
[Thu Sep 19 16:03:55 2024] Enqueueing pair 4226/4608 (91.7%)
[Thu Sep 19 16:03:55 2024] Enqueueing pair 4231/4608 (91.8%)
[Thu Sep 19 16:03:55 2024] Enqueueing pair 4235/4608 (91.9%)
[Thu Sep 19 16:03:55 2024] Enqueueing pair 4240/4608 (92.0%)
[Thu Sep 19 16:03:55 2024] Enqueueing pair 4244/4608 (92.1%)
[Thu Sep 19 16:03:55 2024] Enqueueing pair 4249/4608 (92.2%)
[Thu Sep 19 16:03:55 2024] Enqueueing pair 4254/4608 (92.3%)
[Thu Sep 19 16:03:55 2024] Enqueueing pair 4258/4608 (92.4%)
[Thu Sep 19 16:03:55 2024] Enqueueing pair 4263/4608 (92.5%)
[Thu Sep 19 16:03:55 2024] Enqueueing pair 4268/4608 (92.6%)
[Thu Sep 19 16:03:55 2024] Enqueueing pair 4272/4608 (92.7%)
[Thu Sep 19 16:03:55 2024] Enqueueing pair 4277/4608 (92.8%)
[Thu Sep 19 16:03:55 2024] Enqueueing pair 4281/4608 (92.9%)
[Thu Sep 19 16:03:55 2024] Enqueueing pair 4286/4608 (93.0%)
[Thu Sep 19 16:03:55 2024] Enqueueing pair 4291/4608 (93.1%)
[Thu Sep 19 16:03:55 2024] Enqueueing pair 4295/4608 (93.2%)
[Thu Sep 19 16:03:55 2024] Enqueueing pair 4300/4608 (93.3%)
[Thu Sep 19 16:03:55 2024] Enqueueing pair 4304/4608 (93.4%)
[Thu Sep 19 16:03:55 2024] Enqueueing pair 4309/4608 (93.5%)
[Thu Sep 19 16:03:55 2024] Enqueueing pair 4314/4608 (93.6%)
[Thu Sep 19 16:03:55 2024] Enqueueing pair 4318/4608 (93.7%)
[Thu Sep 19 16:03:55 2024] Enqueueing pair 4323/4608 (93.8%)
[Thu Sep 19 16:03:55 2024] Enqueueing pair 4327/4608 (93.9%)
[Thu Sep 19 16:03:55 2024] Enqueueing pair 4332/4608 (94.0%)
[Thu Sep 19 16:03:55 2024] Enqueueing pair 4337/4608 (94.1%)
[Thu Sep 19 16:03:55 2024] Enqueueing pair 4341/4608 (94.2%)
[Thu Sep 19 16:03:55 2024] Enqueueing pair 4346/4608 (94.3%)
[Thu Sep 19 16:03:55 2024] Enqueueing pair 4350/4608 (94.4%)
[Thu Sep 19 16:03:55 2024] Enqueueing pair 4355/4608 (94.5%)
[Thu Sep 19 16:03:55 2024] Enqueueing pair 4360/4608 (94.6%)
[Thu Sep 19 16:03:55 2024] Enqueueing pair 4364/4608 (94.7%)
[Thu Sep 19 16:03:55 2024] Enqueueing pair 4369/4608 (94.8%)
[Thu Sep 19 16:03:55 2024] Enqueueing pair 4373/4608 (94.9%)
[Thu Sep 19 16:03:55 2024] Enqueueing pair 4378/4608 (95.0%)
[Thu Sep 19 16:03:55 2024] Enqueueing pair 4383/4608 (95.1%)
[Thu Sep 19 16:03:55 2024] Enqueueing pair 4387/4608 (95.2%)
[Thu Sep 19 16:03:55 2024] Enqueueing pair 4392/4608 (95.3%)
[Thu Sep 19 16:03:55 2024] Enqueueing pair 4397/4608 (95.4%)
[Thu Sep 19 16:03:55 2024] Enqueueing pair 4401/4608 (95.5%)
[Thu Sep 19 16:03:55 2024] Enqueueing pair 4406/4608 (95.6%)
[Thu Sep 19 16:03:55 2024] Enqueueing pair 4410/4608 (95.7%)
[Thu Sep 19 16:03:55 2024] Enqueueing pair 4415/4608 (95.8%)
[Thu Sep 19 16:03:55 2024] Enqueueing pair 4420/4608 (95.9%)
[Thu Sep 19 16:03:55 2024] Enqueueing pair 4424/4608 (96.0%)
[Thu Sep 19 16:03:55 2024] Enqueueing pair 4429/4608 (96.1%)
[Thu Sep 19 16:03:55 2024] Enqueueing pair 4433/4608 (96.2%)
[Thu Sep 19 16:03:55 2024] Enqueueing pair 4438/4608 (96.3%)
[Thu Sep 19 16:03:55 2024] Enqueueing pair 4443/4608 (96.4%)
[Thu Sep 19 16:03:55 2024] Enqueueing pair 4447/4608 (96.5%)
[Thu Sep 19 16:03:55 2024] Enqueueing pair 4452/4608 (96.6%)
[Thu Sep 19 16:03:55 2024] Enqueueing pair 4456/4608 (96.7%)
[Thu Sep 19 16:03:55 2024] Enqueueing pair 4461/4608 (96.8%)
[Thu Sep 19 16:03:55 2024] Enqueueing pair 4466/4608 (96.9%)
[Thu Sep 19 16:03:55 2024] Enqueueing pair 4470/4608 (97.0%)
[Thu Sep 19 16:03:55 2024] Enqueueing pair 4475/4608 (97.1%)
[Thu Sep 19 16:03:55 2024] Enqueueing pair 4479/4608 (97.2%)
[Thu Sep 19 16:03:55 2024] Enqueueing pair 4484/4608 (97.3%)
[Thu Sep 19 16:03:55 2024] Enqueueing pair 4489/4608 (97.4%)
[Thu Sep 19 16:03:55 2024] Enqueueing pair 4493/4608 (97.5%)
[Thu Sep 19 16:03:55 2024] Enqueueing pair 4498/4608 (97.6%)
[Thu Sep 19 16:03:55 2024] Enqueueing pair 4503/4608 (97.7%)
[Thu Sep 19 16:03:55 2024] Enqueueing pair 4507/4608 (97.8%)
[Thu Sep 19 16:03:55 2024] Enqueueing pair 4512/4608 (97.9%)
[Thu Sep 19 16:03:55 2024] Enqueueing pair 4516/4608 (98.0%)
[Thu Sep 19 16:03:55 2024] Enqueueing pair 4521/4608 (98.1%)
[Thu Sep 19 16:03:55 2024] Enqueueing pair 4526/4608 (98.2%)
[Thu Sep 19 16:03:55 2024] Enqueueing pair 4530/4608 (98.3%)
[Thu Sep 19 16:03:55 2024] Enqueueing pair 4535/4608 (98.4%)
[Thu Sep 19 16:03:55 2024] Enqueueing pair 4539/4608 (98.5%)
[Thu Sep 19 16:03:55 2024] Enqueueing pair 4544/4608 (98.6%)
[Thu Sep 19 16:03:55 2024] Enqueueing pair 4549/4608 (98.7%)
[Thu Sep 19 16:03:55 2024] Enqueueing pair 4553/4608 (98.8%)
[Thu Sep 19 16:03:55 2024] Enqueueing pair 4558/4608 (98.9%)
[Thu Sep 19 16:03:55 2024] Enqueueing pair 4562/4608 (99.0%)
[Thu Sep 19 16:03:55 2024] Enqueueing pair 4567/4608 (99.1%)
[Thu Sep 19 16:03:55 2024] Enqueueing pair 4572/4608 (99.2%)
[Thu Sep 19 16:03:55 2024] Enqueueing pair 4576/4608 (99.3%)
[Thu Sep 19 16:03:55 2024] Enqueueing pair 4581/4608 (99.4%)
[Thu Sep 19 16:03:55 2024] Enqueueing pair 4585/4608 (99.5%)
[Thu Sep 19 16:03:55 2024] Enqueueing pair 4590/4608 (99.6%)
[Thu Sep 19 16:03:55 2024] Enqueueing pair 4595/4608 (99.7%)
[Thu Sep 19 16:03:55 2024] Enqueueing pair 4599/4608 (99.8%)
[Thu Sep 19 16:03:55 2024] Enqueueing pair 4604/4608 (99.9%)
[Thu Sep 19 16:04:49 2024] 4608/4608 (100%) pairs aligned
[Thu Sep 19 16:04:49 2024] Alignment of pairs finished
[Thu Sep 19 16:04:49 2024] Translating coordinates from local pair level to contig level
[Thu Sep 19 16:04:50 2024] Finished spliced alignment
[Thu Sep 19 16:04:50 2024] Flagging top chains
[Thu Sep 19 16:04:50 2024] Processing the output
[Thu Sep 19 16:04:51 2024] Output processed
[Thu Sep 19 16:04:51 2024] ProtHint finished.
